ARM GAS  C:\Users\jakub\AppData\Local\Temp\cc5isAZ0.s 			page 1


   1              		.cpu cortex-m4
   2              		.arch armv7e-m
   3              		.fpu fpv4-sp-d16
   4              		.eabi_attribute 27, 1
   5              		.eabi_attribute 28, 1
   6              		.eabi_attribute 20, 1
   7              		.eabi_attribute 21, 1
   8              		.eabi_attribute 23, 3
   9              		.eabi_attribute 24, 1
  10              		.eabi_attribute 25, 1
  11              		.eabi_attribute 26, 1
  12              		.eabi_attribute 30, 1
  13              		.eabi_attribute 34, 1
  14              		.eabi_attribute 18, 4
  15              		.file	"gpio.c"
  16              		.text
  17              	.Ltext0:
  18              		.cfi_sections	.debug_frame
  19              		.section	.text.MX_GPIO_Init,"ax",%progbits
  20              		.align	1
  21              		.global	MX_GPIO_Init
  22              		.syntax unified
  23              		.thumb
  24              		.thumb_func
  26              	MX_GPIO_Init:
  27              	.LFB132:
  28              		.file 1 "Core/Src/gpio.c"
   1:Core/Src/gpio.c **** /* USER CODE BEGIN Header */
   2:Core/Src/gpio.c **** /**
   3:Core/Src/gpio.c ****   ******************************************************************************
   4:Core/Src/gpio.c ****   * @file    gpio.c
   5:Core/Src/gpio.c ****   * @brief   This file provides code for the configuration
   6:Core/Src/gpio.c ****   *          of all used GPIO pins.
   7:Core/Src/gpio.c ****   ******************************************************************************
   8:Core/Src/gpio.c ****   * @attention
   9:Core/Src/gpio.c ****   *
  10:Core/Src/gpio.c ****   * Copyright (c) 2022 STMicroelectronics.
  11:Core/Src/gpio.c ****   * All rights reserved.
  12:Core/Src/gpio.c ****   *
  13:Core/Src/gpio.c ****   * This software is licensed under terms that can be found in the LICENSE file
  14:Core/Src/gpio.c ****   * in the root directory of this software component.
  15:Core/Src/gpio.c ****   * If no LICENSE file comes with this software, it is provided AS-IS.
  16:Core/Src/gpio.c ****   *
  17:Core/Src/gpio.c ****   ******************************************************************************
  18:Core/Src/gpio.c ****   */
  19:Core/Src/gpio.c **** /* USER CODE END Header */
  20:Core/Src/gpio.c **** 
  21:Core/Src/gpio.c **** /* Includes ------------------------------------------------------------------*/
  22:Core/Src/gpio.c **** #include "gpio.h"
  23:Core/Src/gpio.c **** 
  24:Core/Src/gpio.c **** /* USER CODE BEGIN 0 */
  25:Core/Src/gpio.c **** 
  26:Core/Src/gpio.c **** /* USER CODE END 0 */
  27:Core/Src/gpio.c **** 
  28:Core/Src/gpio.c **** /*----------------------------------------------------------------------------*/
  29:Core/Src/gpio.c **** /* Configure GPIO                                                             */
  30:Core/Src/gpio.c **** /*----------------------------------------------------------------------------*/
ARM GAS  C:\Users\jakub\AppData\Local\Temp\cc5isAZ0.s 			page 2


  31:Core/Src/gpio.c **** /* USER CODE BEGIN 1 */
  32:Core/Src/gpio.c **** 
  33:Core/Src/gpio.c **** /* USER CODE END 1 */
  34:Core/Src/gpio.c **** 
  35:Core/Src/gpio.c **** /** Configure pins
  36:Core/Src/gpio.c ****      PC4   ------> USART1_TX
  37:Core/Src/gpio.c ****      PC5   ------> USART1_RX
  38:Core/Src/gpio.c ****      PB10   ------> USART3_TX
  39:Core/Src/gpio.c ****      PB11   ------> USART3_RX
  40:Core/Src/gpio.c **** */
  41:Core/Src/gpio.c **** void MX_GPIO_Init(void)
  42:Core/Src/gpio.c **** {
  29              		.loc 1 42 1 view -0
  30              		.cfi_startproc
  31              		@ args = 0, pretend = 0, frame = 32
  32              		@ frame_needed = 0, uses_anonymous_args = 0
  33 0000 2DE9F043 		push	{r4, r5, r6, r7, r8, r9, lr}
  34              	.LCFI0:
  35              		.cfi_def_cfa_offset 28
  36              		.cfi_offset 4, -28
  37              		.cfi_offset 5, -24
  38              		.cfi_offset 6, -20
  39              		.cfi_offset 7, -16
  40              		.cfi_offset 8, -12
  41              		.cfi_offset 9, -8
  42              		.cfi_offset 14, -4
  43 0004 89B0     		sub	sp, sp, #36
  44              	.LCFI1:
  45              		.cfi_def_cfa_offset 64
  43:Core/Src/gpio.c **** 
  44:Core/Src/gpio.c ****   GPIO_InitTypeDef GPIO_InitStruct = {0};
  46              		.loc 1 44 3 view .LVU1
  47              		.loc 1 44 20 is_stmt 0 view .LVU2
  48 0006 0024     		movs	r4, #0
  49 0008 0394     		str	r4, [sp, #12]
  50 000a 0494     		str	r4, [sp, #16]
  51 000c 0594     		str	r4, [sp, #20]
  52 000e 0694     		str	r4, [sp, #24]
  53 0010 0794     		str	r4, [sp, #28]
  45:Core/Src/gpio.c **** 
  46:Core/Src/gpio.c ****   /* GPIO Ports Clock Enable */
  47:Core/Src/gpio.c ****   __HAL_RCC_GPIOC_CLK_ENABLE();
  54              		.loc 1 47 3 is_stmt 1 view .LVU3
  55              	.LBB2:
  56              		.loc 1 47 3 view .LVU4
  57              		.loc 1 47 3 view .LVU5
  58 0012 404B     		ldr	r3, .L3
  59 0014 DA6C     		ldr	r2, [r3, #76]
  60 0016 42F00402 		orr	r2, r2, #4
  61 001a DA64     		str	r2, [r3, #76]
  62              		.loc 1 47 3 view .LVU6
  63 001c DA6C     		ldr	r2, [r3, #76]
  64 001e 02F00402 		and	r2, r2, #4
  65 0022 0092     		str	r2, [sp]
  66              		.loc 1 47 3 view .LVU7
  67 0024 009A     		ldr	r2, [sp]
  68              	.LBE2:
ARM GAS  C:\Users\jakub\AppData\Local\Temp\cc5isAZ0.s 			page 3


  69              		.loc 1 47 3 view .LVU8
  48:Core/Src/gpio.c ****   __HAL_RCC_GPIOA_CLK_ENABLE();
  70              		.loc 1 48 3 view .LVU9
  71              	.LBB3:
  72              		.loc 1 48 3 view .LVU10
  73              		.loc 1 48 3 view .LVU11
  74 0026 DA6C     		ldr	r2, [r3, #76]
  75 0028 42F00102 		orr	r2, r2, #1
  76 002c DA64     		str	r2, [r3, #76]
  77              		.loc 1 48 3 view .LVU12
  78 002e DA6C     		ldr	r2, [r3, #76]
  79 0030 02F00102 		and	r2, r2, #1
  80 0034 0192     		str	r2, [sp, #4]
  81              		.loc 1 48 3 view .LVU13
  82 0036 019A     		ldr	r2, [sp, #4]
  83              	.LBE3:
  84              		.loc 1 48 3 view .LVU14
  49:Core/Src/gpio.c ****   __HAL_RCC_GPIOB_CLK_ENABLE();
  85              		.loc 1 49 3 view .LVU15
  86              	.LBB4:
  87              		.loc 1 49 3 view .LVU16
  88              		.loc 1 49 3 view .LVU17
  89 0038 DA6C     		ldr	r2, [r3, #76]
  90 003a 42F00202 		orr	r2, r2, #2
  91 003e DA64     		str	r2, [r3, #76]
  92              		.loc 1 49 3 view .LVU18
  93 0040 DB6C     		ldr	r3, [r3, #76]
  94 0042 03F00203 		and	r3, r3, #2
  95 0046 0293     		str	r3, [sp, #8]
  96              		.loc 1 49 3 view .LVU19
  97 0048 029B     		ldr	r3, [sp, #8]
  98              	.LBE4:
  99              		.loc 1 49 3 view .LVU20
  50:Core/Src/gpio.c **** 
  51:Core/Src/gpio.c ****   /*Configure GPIO pin Output Level */
  52:Core/Src/gpio.c ****   HAL_GPIO_WritePin(GPIOC, NOT_EN_TMC1_Pin|LED1_Pin|LED2_Pin|CS2_Pin
 100              		.loc 1 52 3 view .LVU21
 101 004a 334E     		ldr	r6, .L3+4
 102 004c 2246     		mov	r2, r4
 103 004e 43F20911 		movw	r1, #12553
 104 0052 3046     		mov	r0, r6
 105 0054 FFF7FEFF 		bl	HAL_GPIO_WritePin
 106              	.LVL0:
  53:Core/Src/gpio.c ****                           |DIAG_TMC1_Pin, GPIO_PIN_RESET);
  54:Core/Src/gpio.c **** 
  55:Core/Src/gpio.c ****   /*Configure GPIO pin Output Level */
  56:Core/Src/gpio.c ****   HAL_GPIO_WritePin(GPIOA, ETH_RESET_Pin|DIR_TMC1_Pin, GPIO_PIN_RESET);
 107              		.loc 1 56 3 view .LVU22
 108 0058 2246     		mov	r2, r4
 109 005a 4FF48871 		mov	r1, #272
 110 005e 4FF09040 		mov	r0, #1207959552
 111 0062 FFF7FEFF 		bl	HAL_GPIO_WritePin
 112              	.LVL1:
  57:Core/Src/gpio.c **** 
  58:Core/Src/gpio.c ****   /*Configure GPIO pin Output Level */
  59:Core/Src/gpio.c ****   HAL_GPIO_WritePin(GPIOB, GPIO_PIN_0|TMC2_invEN_Pin|CS1_Pin|SS_Pin
 113              		.loc 1 59 3 view .LVU23
ARM GAS  C:\Users\jakub\AppData\Local\Temp\cc5isAZ0.s 			page 4


 114 0066 2D4D     		ldr	r5, .L3+8
 115 0068 2246     		mov	r2, r4
 116 006a 41F2D101 		movw	r1, #4305
 117 006e 2846     		mov	r0, r5
 118 0070 FFF7FEFF 		bl	HAL_GPIO_WritePin
 119              	.LVL2:
  60:Core/Src/gpio.c ****                           |PWDN_Pin, GPIO_PIN_RESET);
  61:Core/Src/gpio.c **** 
  62:Core/Src/gpio.c ****   /*Configure GPIO pins : PCPin PCPin PCPin PCPin
  63:Core/Src/gpio.c ****                            PCPin */
  64:Core/Src/gpio.c ****   GPIO_InitStruct.Pin = NOT_EN_TMC1_Pin|LED1_Pin|LED2_Pin|CS2_Pin
 120              		.loc 1 64 3 view .LVU24
 121              		.loc 1 64 23 is_stmt 0 view .LVU25
 122 0074 43F20913 		movw	r3, #12553
 123 0078 0393     		str	r3, [sp, #12]
  65:Core/Src/gpio.c ****                           |DIAG_TMC1_Pin;
  66:Core/Src/gpio.c ****   GPIO_InitStruct.Mode = GPIO_MODE_OUTPUT_PP;
 124              		.loc 1 66 3 is_stmt 1 view .LVU26
 125              		.loc 1 66 24 is_stmt 0 view .LVU27
 126 007a 0127     		movs	r7, #1
 127 007c 0497     		str	r7, [sp, #16]
  67:Core/Src/gpio.c ****   GPIO_InitStruct.Pull = GPIO_NOPULL;
 128              		.loc 1 67 3 is_stmt 1 view .LVU28
 129              		.loc 1 67 24 is_stmt 0 view .LVU29
 130 007e 0594     		str	r4, [sp, #20]
  68:Core/Src/gpio.c ****   GPIO_InitStruct.Speed = GPIO_SPEED_FREQ_LOW;
 131              		.loc 1 68 3 is_stmt 1 view .LVU30
 132              		.loc 1 68 25 is_stmt 0 view .LVU31
 133 0080 0694     		str	r4, [sp, #24]
  69:Core/Src/gpio.c ****   HAL_GPIO_Init(GPIOC, &GPIO_InitStruct);
 134              		.loc 1 69 3 is_stmt 1 view .LVU32
 135 0082 03A9     		add	r1, sp, #12
 136 0084 3046     		mov	r0, r6
 137 0086 FFF7FEFF 		bl	HAL_GPIO_Init
 138              	.LVL3:
  70:Core/Src/gpio.c **** 
  71:Core/Src/gpio.c ****   /*Configure GPIO pins : PAPin PAPin */
  72:Core/Src/gpio.c ****   GPIO_InitStruct.Pin = ETH_RESET_Pin|DIR_TMC1_Pin;
 139              		.loc 1 72 3 view .LVU33
 140              		.loc 1 72 23 is_stmt 0 view .LVU34
 141 008a 4FF48873 		mov	r3, #272
 142 008e 0393     		str	r3, [sp, #12]
  73:Core/Src/gpio.c ****   GPIO_InitStruct.Mode = GPIO_MODE_OUTPUT_PP;
 143              		.loc 1 73 3 is_stmt 1 view .LVU35
 144              		.loc 1 73 24 is_stmt 0 view .LVU36
 145 0090 0497     		str	r7, [sp, #16]
  74:Core/Src/gpio.c ****   GPIO_InitStruct.Pull = GPIO_NOPULL;
 146              		.loc 1 74 3 is_stmt 1 view .LVU37
 147              		.loc 1 74 24 is_stmt 0 view .LVU38
 148 0092 0594     		str	r4, [sp, #20]
  75:Core/Src/gpio.c ****   GPIO_InitStruct.Speed = GPIO_SPEED_FREQ_LOW;
 149              		.loc 1 75 3 is_stmt 1 view .LVU39
 150              		.loc 1 75 25 is_stmt 0 view .LVU40
 151 0094 0694     		str	r4, [sp, #24]
  76:Core/Src/gpio.c ****   HAL_GPIO_Init(GPIOA, &GPIO_InitStruct);
 152              		.loc 1 76 3 is_stmt 1 view .LVU41
 153 0096 03A9     		add	r1, sp, #12
ARM GAS  C:\Users\jakub\AppData\Local\Temp\cc5isAZ0.s 			page 5


 154 0098 4FF09040 		mov	r0, #1207959552
 155 009c FFF7FEFF 		bl	HAL_GPIO_Init
 156              	.LVL4:
  77:Core/Src/gpio.c **** 
  78:Core/Src/gpio.c ****   /*Configure GPIO pins : PCPin PCPin */
  79:Core/Src/gpio.c ****   GPIO_InitStruct.Pin = SWD_TX_Pin|SWD_RX_Pin;
 157              		.loc 1 79 3 view .LVU42
 158              		.loc 1 79 23 is_stmt 0 view .LVU43
 159 00a0 3023     		movs	r3, #48
 160 00a2 0393     		str	r3, [sp, #12]
  80:Core/Src/gpio.c ****   GPIO_InitStruct.Mode = GPIO_MODE_AF_PP;
 161              		.loc 1 80 3 is_stmt 1 view .LVU44
 162              		.loc 1 80 24 is_stmt 0 view .LVU45
 163 00a4 4FF00209 		mov	r9, #2
 164 00a8 CDF81090 		str	r9, [sp, #16]
  81:Core/Src/gpio.c ****   GPIO_InitStruct.Pull = GPIO_NOPULL;
 165              		.loc 1 81 3 is_stmt 1 view .LVU46
 166              		.loc 1 81 24 is_stmt 0 view .LVU47
 167 00ac 0594     		str	r4, [sp, #20]
  82:Core/Src/gpio.c ****   GPIO_InitStruct.Speed = GPIO_SPEED_FREQ_LOW;
 168              		.loc 1 82 3 is_stmt 1 view .LVU48
 169              		.loc 1 82 25 is_stmt 0 view .LVU49
 170 00ae 0694     		str	r4, [sp, #24]
  83:Core/Src/gpio.c ****   GPIO_InitStruct.Alternate = GPIO_AF7_USART1;
 171              		.loc 1 83 3 is_stmt 1 view .LVU50
 172              		.loc 1 83 29 is_stmt 0 view .LVU51
 173 00b0 4FF00708 		mov	r8, #7
 174 00b4 CDF81C80 		str	r8, [sp, #28]
  84:Core/Src/gpio.c ****   HAL_GPIO_Init(GPIOC, &GPIO_InitStruct);
 175              		.loc 1 84 3 is_stmt 1 view .LVU52
 176 00b8 03A9     		add	r1, sp, #12
 177 00ba 3046     		mov	r0, r6
 178 00bc FFF7FEFF 		bl	HAL_GPIO_Init
 179              	.LVL5:
  85:Core/Src/gpio.c **** 
  86:Core/Src/gpio.c ****   /*Configure GPIO pins : PB0 PBPin PBPin PBPin
  87:Core/Src/gpio.c ****                            PBPin */
  88:Core/Src/gpio.c ****   GPIO_InitStruct.Pin = GPIO_PIN_0|TMC2_invEN_Pin|CS1_Pin|SS_Pin
 180              		.loc 1 88 3 view .LVU53
 181              		.loc 1 88 23 is_stmt 0 view .LVU54
 182 00c0 41F2D103 		movw	r3, #4305
 183 00c4 0393     		str	r3, [sp, #12]
  89:Core/Src/gpio.c ****                           |PWDN_Pin;
  90:Core/Src/gpio.c ****   GPIO_InitStruct.Mode = GPIO_MODE_OUTPUT_PP;
 184              		.loc 1 90 3 is_stmt 1 view .LVU55
 185              		.loc 1 90 24 is_stmt 0 view .LVU56
 186 00c6 0497     		str	r7, [sp, #16]
  91:Core/Src/gpio.c ****   GPIO_InitStruct.Pull = GPIO_NOPULL;
 187              		.loc 1 91 3 is_stmt 1 view .LVU57
 188              		.loc 1 91 24 is_stmt 0 view .LVU58
 189 00c8 0594     		str	r4, [sp, #20]
  92:Core/Src/gpio.c ****   GPIO_InitStruct.Speed = GPIO_SPEED_FREQ_LOW;
 190              		.loc 1 92 3 is_stmt 1 view .LVU59
 191              		.loc 1 92 25 is_stmt 0 view .LVU60
 192 00ca 0694     		str	r4, [sp, #24]
  93:Core/Src/gpio.c ****   HAL_GPIO_Init(GPIOB, &GPIO_InitStruct);
 193              		.loc 1 93 3 is_stmt 1 view .LVU61
ARM GAS  C:\Users\jakub\AppData\Local\Temp\cc5isAZ0.s 			page 6


 194 00cc 03A9     		add	r1, sp, #12
 195 00ce 2846     		mov	r0, r5
 196 00d0 FFF7FEFF 		bl	HAL_GPIO_Init
 197              	.LVL6:
  94:Core/Src/gpio.c **** 
  95:Core/Src/gpio.c ****   /*Configure GPIO pins : PBPin PBPin */
  96:Core/Src/gpio.c ****   GPIO_InitStruct.Pin = TX_TMC2_Pin|RX_TMC2_Pin;
 198              		.loc 1 96 3 view .LVU62
 199              		.loc 1 96 23 is_stmt 0 view .LVU63
 200 00d4 4FF44063 		mov	r3, #3072
 201 00d8 0393     		str	r3, [sp, #12]
  97:Core/Src/gpio.c ****   GPIO_InitStruct.Mode = GPIO_MODE_AF_PP;
 202              		.loc 1 97 3 is_stmt 1 view .LVU64
 203              		.loc 1 97 24 is_stmt 0 view .LVU65
 204 00da CDF81090 		str	r9, [sp, #16]
  98:Core/Src/gpio.c ****   GPIO_InitStruct.Pull = GPIO_NOPULL;
 205              		.loc 1 98 3 is_stmt 1 view .LVU66
 206              		.loc 1 98 24 is_stmt 0 view .LVU67
 207 00de 0594     		str	r4, [sp, #20]
  99:Core/Src/gpio.c ****   GPIO_InitStruct.Speed = GPIO_SPEED_FREQ_LOW;
 208              		.loc 1 99 3 is_stmt 1 view .LVU68
 209              		.loc 1 99 25 is_stmt 0 view .LVU69
 210 00e0 0694     		str	r4, [sp, #24]
 100:Core/Src/gpio.c ****   GPIO_InitStruct.Alternate = GPIO_AF7_USART3;
 211              		.loc 1 100 3 is_stmt 1 view .LVU70
 212              		.loc 1 100 29 is_stmt 0 view .LVU71
 213 00e2 CDF81C80 		str	r8, [sp, #28]
 101:Core/Src/gpio.c ****   HAL_GPIO_Init(GPIOB, &GPIO_InitStruct);
 214              		.loc 1 101 3 is_stmt 1 view .LVU72
 215 00e6 03A9     		add	r1, sp, #12
 216 00e8 2846     		mov	r0, r5
 217 00ea FFF7FEFF 		bl	HAL_GPIO_Init
 218              	.LVL7:
 102:Core/Src/gpio.c **** 
 103:Core/Src/gpio.c ****   /*Configure GPIO pin : PtPin */
 104:Core/Src/gpio.c ****   GPIO_InitStruct.Pin = ALERT2_Pin;
 219              		.loc 1 104 3 view .LVU73
 220              		.loc 1 104 23 is_stmt 0 view .LVU74
 221 00ee 8023     		movs	r3, #128
 222 00f0 0393     		str	r3, [sp, #12]
 105:Core/Src/gpio.c ****   GPIO_InitStruct.Mode = GPIO_MODE_INPUT;
 223              		.loc 1 105 3 is_stmt 1 view .LVU75
 224              		.loc 1 105 24 is_stmt 0 view .LVU76
 225 00f2 0494     		str	r4, [sp, #16]
 106:Core/Src/gpio.c ****   GPIO_InitStruct.Pull = GPIO_NOPULL;
 226              		.loc 1 106 3 is_stmt 1 view .LVU77
 227              		.loc 1 106 24 is_stmt 0 view .LVU78
 228 00f4 0594     		str	r4, [sp, #20]
 107:Core/Src/gpio.c ****   HAL_GPIO_Init(ALERT2_GPIO_Port, &GPIO_InitStruct);
 229              		.loc 1 107 3 is_stmt 1 view .LVU79
 230 00f6 03A9     		add	r1, sp, #12
 231 00f8 3046     		mov	r0, r6
 232 00fa FFF7FEFF 		bl	HAL_GPIO_Init
 233              	.LVL8:
 108:Core/Src/gpio.c **** 
 109:Core/Src/gpio.c ****   /*Configure GPIO pin : PtPin */
 110:Core/Src/gpio.c ****   GPIO_InitStruct.Pin = INT_Pin;
ARM GAS  C:\Users\jakub\AppData\Local\Temp\cc5isAZ0.s 			page 7


 234              		.loc 1 110 3 view .LVU80
 235              		.loc 1 110 23 is_stmt 0 view .LVU81
 236 00fe 2023     		movs	r3, #32
 237 0100 0393     		str	r3, [sp, #12]
 111:Core/Src/gpio.c ****   GPIO_InitStruct.Mode = GPIO_MODE_INPUT;
 238              		.loc 1 111 3 is_stmt 1 view .LVU82
 239              		.loc 1 111 24 is_stmt 0 view .LVU83
 240 0102 0494     		str	r4, [sp, #16]
 112:Core/Src/gpio.c ****   GPIO_InitStruct.Pull = GPIO_NOPULL;
 241              		.loc 1 112 3 is_stmt 1 view .LVU84
 242              		.loc 1 112 24 is_stmt 0 view .LVU85
 243 0104 0594     		str	r4, [sp, #20]
 113:Core/Src/gpio.c ****   HAL_GPIO_Init(INT_GPIO_Port, &GPIO_InitStruct);
 244              		.loc 1 113 3 is_stmt 1 view .LVU86
 245 0106 03A9     		add	r1, sp, #12
 246 0108 2846     		mov	r0, r5
 247 010a FFF7FEFF 		bl	HAL_GPIO_Init
 248              	.LVL9:
 114:Core/Src/gpio.c **** 
 115:Core/Src/gpio.c **** }
 249              		.loc 1 115 1 is_stmt 0 view .LVU87
 250 010e 09B0     		add	sp, sp, #36
 251              	.LCFI2:
 252              		.cfi_def_cfa_offset 28
 253              		@ sp needed
 254 0110 BDE8F083 		pop	{r4, r5, r6, r7, r8, r9, pc}
 255              	.L4:
 256              		.align	2
 257              	.L3:
 258 0114 00100240 		.word	1073876992
 259 0118 00080048 		.word	1207961600
 260 011c 00040048 		.word	1207960576
 261              		.cfi_endproc
 262              	.LFE132:
 264              		.text
 265              	.Letext0:
 266              		.file 2 "c:\\program files (x86)\\gnu arm embedded toolchain\\10 2021.10\\arm-none-eabi\\include\\
 267              		.file 3 "c:\\program files (x86)\\gnu arm embedded toolchain\\10 2021.10\\arm-none-eabi\\include\\
 268              		.file 4 "Drivers/CMSIS/Device/ST/STM32G4xx/Include/stm32g491xx.h"
 269              		.file 5 "Drivers/STM32G4xx_HAL_Driver/Inc/stm32g4xx_hal_gpio.h"
ARM GAS  C:\Users\jakub\AppData\Local\Temp\cc5isAZ0.s 			page 8


DEFINED SYMBOLS
                            *ABS*:00000000 gpio.c
C:\Users\jakub\AppData\Local\Temp\cc5isAZ0.s:20     .text.MX_GPIO_Init:00000000 $t
C:\Users\jakub\AppData\Local\Temp\cc5isAZ0.s:26     .text.MX_GPIO_Init:00000000 MX_GPIO_Init
C:\Users\jakub\AppData\Local\Temp\cc5isAZ0.s:258    .text.MX_GPIO_Init:00000114 $d

UNDEFINED SYMBOLS
HAL_GPIO_WritePin
HAL_GPIO_Init
