ARM GAS  C:\Users\jakub\AppData\Local\Temp\cc6O19SA.s 			page 1


   1              		.cpu cortex-m4
   2              		.arch armv7e-m
   3              		.fpu fpv4-sp-d16
   4              		.eabi_attribute 27, 1
   5              		.eabi_attribute 28, 1
   6              		.eabi_attribute 20, 1
   7              		.eabi_attribute 21, 1
   8              		.eabi_attribute 23, 3
   9              		.eabi_attribute 24, 1
  10              		.eabi_attribute 25, 1
  11              		.eabi_attribute 26, 1
  12              		.eabi_attribute 30, 1
  13              		.eabi_attribute 34, 1
  14              		.eabi_attribute 18, 4
  15              		.file	"usart.c"
  16              		.text
  17              	.Ltext0:
  18              		.cfi_sections	.debug_frame
  19              		.section	.text.MX_UART4_Init,"ax",%progbits
  20              		.align	1
  21              		.global	MX_UART4_Init
  22              		.syntax unified
  23              		.thumb
  24              		.thumb_func
  26              	MX_UART4_Init:
  27              	.LFB132:
  28              		.file 1 "Core/Src/usart.c"
   1:Core/Src/usart.c **** /* USER CODE BEGIN Header */
   2:Core/Src/usart.c **** /**
   3:Core/Src/usart.c ****   ******************************************************************************
   4:Core/Src/usart.c ****   * @file    usart.c
   5:Core/Src/usart.c ****   * @brief   This file provides code for the configuration
   6:Core/Src/usart.c ****   *          of the USART instances.
   7:Core/Src/usart.c ****   ******************************************************************************
   8:Core/Src/usart.c ****   * @attention
   9:Core/Src/usart.c ****   *
  10:Core/Src/usart.c ****   * Copyright (c) 2022 STMicroelectronics.
  11:Core/Src/usart.c ****   * All rights reserved.
  12:Core/Src/usart.c ****   *
  13:Core/Src/usart.c ****   * This software is licensed under terms that can be found in the LICENSE file
  14:Core/Src/usart.c ****   * in the root directory of this software component.
  15:Core/Src/usart.c ****   * If no LICENSE file comes with this software, it is provided AS-IS.
  16:Core/Src/usart.c ****   *
  17:Core/Src/usart.c ****   ******************************************************************************
  18:Core/Src/usart.c ****   */
  19:Core/Src/usart.c **** /* USER CODE END Header */
  20:Core/Src/usart.c **** /* Includes ------------------------------------------------------------------*/
  21:Core/Src/usart.c **** #include "usart.h"
  22:Core/Src/usart.c **** 
  23:Core/Src/usart.c **** /* USER CODE BEGIN 0 */
  24:Core/Src/usart.c **** 
  25:Core/Src/usart.c **** /* USER CODE END 0 */
  26:Core/Src/usart.c **** 
  27:Core/Src/usart.c **** UART_HandleTypeDef huart4;
  28:Core/Src/usart.c **** UART_HandleTypeDef huart2;
  29:Core/Src/usart.c **** 
  30:Core/Src/usart.c **** /* UART4 init function */
ARM GAS  C:\Users\jakub\AppData\Local\Temp\cc6O19SA.s 			page 2


  31:Core/Src/usart.c **** void MX_UART4_Init(void)
  32:Core/Src/usart.c **** {
  29              		.loc 1 32 1 view -0
  30              		.cfi_startproc
  31              		@ args = 0, pretend = 0, frame = 0
  32              		@ frame_needed = 0, uses_anonymous_args = 0
  33 0000 08B5     		push	{r3, lr}
  34              	.LCFI0:
  35              		.cfi_def_cfa_offset 8
  36              		.cfi_offset 3, -8
  37              		.cfi_offset 14, -4
  33:Core/Src/usart.c **** 
  34:Core/Src/usart.c ****   /* USER CODE BEGIN UART4_Init 0 */
  35:Core/Src/usart.c **** 
  36:Core/Src/usart.c ****   /* USER CODE END UART4_Init 0 */
  37:Core/Src/usart.c **** 
  38:Core/Src/usart.c ****   /* USER CODE BEGIN UART4_Init 1 */
  39:Core/Src/usart.c **** 
  40:Core/Src/usart.c ****   /* USER CODE END UART4_Init 1 */
  41:Core/Src/usart.c ****   huart4.Instance = UART4;
  38              		.loc 1 41 3 view .LVU1
  39              		.loc 1 41 19 is_stmt 0 view .LVU2
  40 0002 1748     		ldr	r0, .L11
  41 0004 174B     		ldr	r3, .L11+4
  42 0006 0360     		str	r3, [r0]
  42:Core/Src/usart.c ****   huart4.Init.BaudRate = 115200;
  43              		.loc 1 42 3 is_stmt 1 view .LVU3
  44              		.loc 1 42 24 is_stmt 0 view .LVU4
  45 0008 4FF4E133 		mov	r3, #115200
  46 000c 4360     		str	r3, [r0, #4]
  43:Core/Src/usart.c ****   huart4.Init.WordLength = UART_WORDLENGTH_8B;
  47              		.loc 1 43 3 is_stmt 1 view .LVU5
  48              		.loc 1 43 26 is_stmt 0 view .LVU6
  49 000e 0023     		movs	r3, #0
  50 0010 8360     		str	r3, [r0, #8]
  44:Core/Src/usart.c ****   huart4.Init.StopBits = UART_STOPBITS_1;
  51              		.loc 1 44 3 is_stmt 1 view .LVU7
  52              		.loc 1 44 24 is_stmt 0 view .LVU8
  53 0012 C360     		str	r3, [r0, #12]
  45:Core/Src/usart.c ****   huart4.Init.Parity = UART_PARITY_NONE;
  54              		.loc 1 45 3 is_stmt 1 view .LVU9
  55              		.loc 1 45 22 is_stmt 0 view .LVU10
  56 0014 0361     		str	r3, [r0, #16]
  46:Core/Src/usart.c ****   huart4.Init.Mode = UART_MODE_TX_RX;
  57              		.loc 1 46 3 is_stmt 1 view .LVU11
  58              		.loc 1 46 20 is_stmt 0 view .LVU12
  59 0016 0C22     		movs	r2, #12
  60 0018 4261     		str	r2, [r0, #20]
  47:Core/Src/usart.c ****   huart4.Init.HwFlowCtl = UART_HWCONTROL_NONE;
  61              		.loc 1 47 3 is_stmt 1 view .LVU13
  62              		.loc 1 47 25 is_stmt 0 view .LVU14
  63 001a 8361     		str	r3, [r0, #24]
  48:Core/Src/usart.c ****   huart4.Init.OverSampling = UART_OVERSAMPLING_16;
  64              		.loc 1 48 3 is_stmt 1 view .LVU15
  65              		.loc 1 48 28 is_stmt 0 view .LVU16
  66 001c C361     		str	r3, [r0, #28]
  49:Core/Src/usart.c ****   huart4.Init.OneBitSampling = UART_ONE_BIT_SAMPLE_DISABLE;
ARM GAS  C:\Users\jakub\AppData\Local\Temp\cc6O19SA.s 			page 3


  67              		.loc 1 49 3 is_stmt 1 view .LVU17
  68              		.loc 1 49 30 is_stmt 0 view .LVU18
  69 001e 0362     		str	r3, [r0, #32]
  50:Core/Src/usart.c ****   huart4.Init.ClockPrescaler = UART_PRESCALER_DIV1;
  70              		.loc 1 50 3 is_stmt 1 view .LVU19
  71              		.loc 1 50 30 is_stmt 0 view .LVU20
  72 0020 4362     		str	r3, [r0, #36]
  51:Core/Src/usart.c ****   huart4.AdvancedInit.AdvFeatureInit = UART_ADVFEATURE_NO_INIT;
  73              		.loc 1 51 3 is_stmt 1 view .LVU21
  74              		.loc 1 51 38 is_stmt 0 view .LVU22
  75 0022 8362     		str	r3, [r0, #40]
  52:Core/Src/usart.c ****   if (HAL_UART_Init(&huart4) != HAL_OK)
  76              		.loc 1 52 3 is_stmt 1 view .LVU23
  77              		.loc 1 52 7 is_stmt 0 view .LVU24
  78 0024 FFF7FEFF 		bl	HAL_UART_Init
  79              	.LVL0:
  80              		.loc 1 52 6 view .LVU25
  81 0028 70B9     		cbnz	r0, .L7
  82              	.L2:
  53:Core/Src/usart.c ****   {
  54:Core/Src/usart.c ****     Error_Handler();
  55:Core/Src/usart.c ****   }
  56:Core/Src/usart.c ****   if (HAL_UARTEx_SetTxFifoThreshold(&huart4, UART_TXFIFO_THRESHOLD_1_8) != HAL_OK)
  83              		.loc 1 56 3 is_stmt 1 view .LVU26
  84              		.loc 1 56 7 is_stmt 0 view .LVU27
  85 002a 0021     		movs	r1, #0
  86 002c 0C48     		ldr	r0, .L11
  87 002e FFF7FEFF 		bl	HAL_UARTEx_SetTxFifoThreshold
  88              	.LVL1:
  89              		.loc 1 56 6 view .LVU28
  90 0032 60B9     		cbnz	r0, .L8
  91              	.L3:
  57:Core/Src/usart.c ****   {
  58:Core/Src/usart.c ****     Error_Handler();
  59:Core/Src/usart.c ****   }
  60:Core/Src/usart.c ****   if (HAL_UARTEx_SetRxFifoThreshold(&huart4, UART_RXFIFO_THRESHOLD_1_8) != HAL_OK)
  92              		.loc 1 60 3 is_stmt 1 view .LVU29
  93              		.loc 1 60 7 is_stmt 0 view .LVU30
  94 0034 0021     		movs	r1, #0
  95 0036 0A48     		ldr	r0, .L11
  96 0038 FFF7FEFF 		bl	HAL_UARTEx_SetRxFifoThreshold
  97              	.LVL2:
  98              		.loc 1 60 6 view .LVU31
  99 003c 50B9     		cbnz	r0, .L9
 100              	.L4:
  61:Core/Src/usart.c ****   {
  62:Core/Src/usart.c ****     Error_Handler();
  63:Core/Src/usart.c ****   }
  64:Core/Src/usart.c ****   if (HAL_UARTEx_DisableFifoMode(&huart4) != HAL_OK)
 101              		.loc 1 64 3 is_stmt 1 view .LVU32
 102              		.loc 1 64 7 is_stmt 0 view .LVU33
 103 003e 0848     		ldr	r0, .L11
 104 0040 FFF7FEFF 		bl	HAL_UARTEx_DisableFifoMode
 105              	.LVL3:
 106              		.loc 1 64 6 view .LVU34
 107 0044 48B9     		cbnz	r0, .L10
 108              	.L1:
ARM GAS  C:\Users\jakub\AppData\Local\Temp\cc6O19SA.s 			page 4


  65:Core/Src/usart.c ****   {
  66:Core/Src/usart.c ****     Error_Handler();
  67:Core/Src/usart.c ****   }
  68:Core/Src/usart.c ****   /* USER CODE BEGIN UART4_Init 2 */
  69:Core/Src/usart.c **** 
  70:Core/Src/usart.c ****   /* USER CODE END UART4_Init 2 */
  71:Core/Src/usart.c **** 
  72:Core/Src/usart.c **** }
 109              		.loc 1 72 1 view .LVU35
 110 0046 08BD     		pop	{r3, pc}
 111              	.L7:
  54:Core/Src/usart.c ****   }
 112              		.loc 1 54 5 is_stmt 1 view .LVU36
 113 0048 FFF7FEFF 		bl	Error_Handler
 114              	.LVL4:
 115 004c EDE7     		b	.L2
 116              	.L8:
  58:Core/Src/usart.c ****   }
 117              		.loc 1 58 5 view .LVU37
 118 004e FFF7FEFF 		bl	Error_Handler
 119              	.LVL5:
 120 0052 EFE7     		b	.L3
 121              	.L9:
  62:Core/Src/usart.c ****   }
 122              		.loc 1 62 5 view .LVU38
 123 0054 FFF7FEFF 		bl	Error_Handler
 124              	.LVL6:
 125 0058 F1E7     		b	.L4
 126              	.L10:
  66:Core/Src/usart.c ****   }
 127              		.loc 1 66 5 view .LVU39
 128 005a FFF7FEFF 		bl	Error_Handler
 129              	.LVL7:
 130              		.loc 1 72 1 is_stmt 0 view .LVU40
 131 005e F2E7     		b	.L1
 132              	.L12:
 133              		.align	2
 134              	.L11:
 135 0060 00000000 		.word	.LANCHOR0
 136 0064 004C0040 		.word	1073761280
 137              		.cfi_endproc
 138              	.LFE132:
 140              		.section	.text.MX_USART2_UART_Init,"ax",%progbits
 141              		.align	1
 142              		.global	MX_USART2_UART_Init
 143              		.syntax unified
 144              		.thumb
 145              		.thumb_func
 147              	MX_USART2_UART_Init:
 148              	.LFB133:
  73:Core/Src/usart.c **** /* USART2 init function */
  74:Core/Src/usart.c **** 
  75:Core/Src/usart.c **** void MX_USART2_UART_Init(void)
  76:Core/Src/usart.c **** {
 149              		.loc 1 76 1 is_stmt 1 view -0
 150              		.cfi_startproc
 151              		@ args = 0, pretend = 0, frame = 0
ARM GAS  C:\Users\jakub\AppData\Local\Temp\cc6O19SA.s 			page 5


 152              		@ frame_needed = 0, uses_anonymous_args = 0
 153 0000 08B5     		push	{r3, lr}
 154              	.LCFI1:
 155              		.cfi_def_cfa_offset 8
 156              		.cfi_offset 3, -8
 157              		.cfi_offset 14, -4
  77:Core/Src/usart.c **** 
  78:Core/Src/usart.c ****   /* USER CODE BEGIN USART2_Init 0 */
  79:Core/Src/usart.c **** 
  80:Core/Src/usart.c ****   /* USER CODE END USART2_Init 0 */
  81:Core/Src/usart.c **** 
  82:Core/Src/usart.c ****   /* USER CODE BEGIN USART2_Init 1 */
  83:Core/Src/usart.c **** 
  84:Core/Src/usart.c ****   /* USER CODE END USART2_Init 1 */
  85:Core/Src/usart.c ****   huart2.Instance = USART2;
 158              		.loc 1 85 3 view .LVU42
 159              		.loc 1 85 19 is_stmt 0 view .LVU43
 160 0002 1848     		ldr	r0, .L23
 161 0004 184B     		ldr	r3, .L23+4
 162 0006 0360     		str	r3, [r0]
  86:Core/Src/usart.c ****   huart2.Init.BaudRate = 115200;
 163              		.loc 1 86 3 is_stmt 1 view .LVU44
 164              		.loc 1 86 24 is_stmt 0 view .LVU45
 165 0008 4FF4E133 		mov	r3, #115200
 166 000c 4360     		str	r3, [r0, #4]
  87:Core/Src/usart.c ****   huart2.Init.WordLength = UART_WORDLENGTH_8B;
 167              		.loc 1 87 3 is_stmt 1 view .LVU46
 168              		.loc 1 87 26 is_stmt 0 view .LVU47
 169 000e 0021     		movs	r1, #0
 170 0010 8160     		str	r1, [r0, #8]
  88:Core/Src/usart.c ****   huart2.Init.StopBits = UART_STOPBITS_1;
 171              		.loc 1 88 3 is_stmt 1 view .LVU48
 172              		.loc 1 88 24 is_stmt 0 view .LVU49
 173 0012 C160     		str	r1, [r0, #12]
  89:Core/Src/usart.c ****   huart2.Init.Parity = UART_PARITY_NONE;
 174              		.loc 1 89 3 is_stmt 1 view .LVU50
 175              		.loc 1 89 22 is_stmt 0 view .LVU51
 176 0014 0161     		str	r1, [r0, #16]
  90:Core/Src/usart.c ****   huart2.Init.Mode = UART_MODE_TX_RX;
 177              		.loc 1 90 3 is_stmt 1 view .LVU52
 178              		.loc 1 90 20 is_stmt 0 view .LVU53
 179 0016 0C23     		movs	r3, #12
 180 0018 4361     		str	r3, [r0, #20]
  91:Core/Src/usart.c ****   huart2.Init.HwFlowCtl = UART_HWCONTROL_NONE;
 181              		.loc 1 91 3 is_stmt 1 view .LVU54
 182              		.loc 1 91 25 is_stmt 0 view .LVU55
 183 001a 8161     		str	r1, [r0, #24]
  92:Core/Src/usart.c ****   huart2.Init.OverSampling = UART_OVERSAMPLING_16;
 184              		.loc 1 92 3 is_stmt 1 view .LVU56
 185              		.loc 1 92 28 is_stmt 0 view .LVU57
 186 001c C161     		str	r1, [r0, #28]
  93:Core/Src/usart.c ****   huart2.Init.OneBitSampling = UART_ONE_BIT_SAMPLE_DISABLE;
 187              		.loc 1 93 3 is_stmt 1 view .LVU58
 188              		.loc 1 93 30 is_stmt 0 view .LVU59
 189 001e 0162     		str	r1, [r0, #32]
  94:Core/Src/usart.c ****   huart2.Init.ClockPrescaler = UART_PRESCALER_DIV1;
 190              		.loc 1 94 3 is_stmt 1 view .LVU60
ARM GAS  C:\Users\jakub\AppData\Local\Temp\cc6O19SA.s 			page 6


 191              		.loc 1 94 30 is_stmt 0 view .LVU61
 192 0020 4162     		str	r1, [r0, #36]
  95:Core/Src/usart.c ****   huart2.AdvancedInit.AdvFeatureInit = UART_ADVFEATURE_NO_INIT;
 193              		.loc 1 95 3 is_stmt 1 view .LVU62
 194              		.loc 1 95 38 is_stmt 0 view .LVU63
 195 0022 8162     		str	r1, [r0, #40]
  96:Core/Src/usart.c ****   if (HAL_RS485Ex_Init(&huart2, UART_DE_POLARITY_HIGH, 0, 0) != HAL_OK)
 196              		.loc 1 96 3 is_stmt 1 view .LVU64
 197              		.loc 1 96 7 is_stmt 0 view .LVU65
 198 0024 0B46     		mov	r3, r1
 199 0026 0A46     		mov	r2, r1
 200 0028 FFF7FEFF 		bl	HAL_RS485Ex_Init
 201              	.LVL8:
 202              		.loc 1 96 6 view .LVU66
 203 002c 70B9     		cbnz	r0, .L19
 204              	.L14:
  97:Core/Src/usart.c ****   {
  98:Core/Src/usart.c ****     Error_Handler();
  99:Core/Src/usart.c ****   }
 100:Core/Src/usart.c ****   if (HAL_UARTEx_SetTxFifoThreshold(&huart2, UART_TXFIFO_THRESHOLD_1_8) != HAL_OK)
 205              		.loc 1 100 3 is_stmt 1 view .LVU67
 206              		.loc 1 100 7 is_stmt 0 view .LVU68
 207 002e 0021     		movs	r1, #0
 208 0030 0C48     		ldr	r0, .L23
 209 0032 FFF7FEFF 		bl	HAL_UARTEx_SetTxFifoThreshold
 210              	.LVL9:
 211              		.loc 1 100 6 view .LVU69
 212 0036 60B9     		cbnz	r0, .L20
 213              	.L15:
 101:Core/Src/usart.c ****   {
 102:Core/Src/usart.c ****     Error_Handler();
 103:Core/Src/usart.c ****   }
 104:Core/Src/usart.c ****   if (HAL_UARTEx_SetRxFifoThreshold(&huart2, UART_RXFIFO_THRESHOLD_1_8) != HAL_OK)
 214              		.loc 1 104 3 is_stmt 1 view .LVU70
 215              		.loc 1 104 7 is_stmt 0 view .LVU71
 216 0038 0021     		movs	r1, #0
 217 003a 0A48     		ldr	r0, .L23
 218 003c FFF7FEFF 		bl	HAL_UARTEx_SetRxFifoThreshold
 219              	.LVL10:
 220              		.loc 1 104 6 view .LVU72
 221 0040 50B9     		cbnz	r0, .L21
 222              	.L16:
 105:Core/Src/usart.c ****   {
 106:Core/Src/usart.c ****     Error_Handler();
 107:Core/Src/usart.c ****   }
 108:Core/Src/usart.c ****   if (HAL_UARTEx_DisableFifoMode(&huart2) != HAL_OK)
 223              		.loc 1 108 3 is_stmt 1 view .LVU73
 224              		.loc 1 108 7 is_stmt 0 view .LVU74
 225 0042 0848     		ldr	r0, .L23
 226 0044 FFF7FEFF 		bl	HAL_UARTEx_DisableFifoMode
 227              	.LVL11:
 228              		.loc 1 108 6 view .LVU75
 229 0048 48B9     		cbnz	r0, .L22
 230              	.L13:
 109:Core/Src/usart.c ****   {
 110:Core/Src/usart.c ****     Error_Handler();
 111:Core/Src/usart.c ****   }
ARM GAS  C:\Users\jakub\AppData\Local\Temp\cc6O19SA.s 			page 7


 112:Core/Src/usart.c ****   /* USER CODE BEGIN USART2_Init 2 */
 113:Core/Src/usart.c **** 
 114:Core/Src/usart.c ****   /* USER CODE END USART2_Init 2 */
 115:Core/Src/usart.c **** 
 116:Core/Src/usart.c **** }
 231              		.loc 1 116 1 view .LVU76
 232 004a 08BD     		pop	{r3, pc}
 233              	.L19:
  98:Core/Src/usart.c ****   }
 234              		.loc 1 98 5 is_stmt 1 view .LVU77
 235 004c FFF7FEFF 		bl	Error_Handler
 236              	.LVL12:
 237 0050 EDE7     		b	.L14
 238              	.L20:
 102:Core/Src/usart.c ****   }
 239              		.loc 1 102 5 view .LVU78
 240 0052 FFF7FEFF 		bl	Error_Handler
 241              	.LVL13:
 242 0056 EFE7     		b	.L15
 243              	.L21:
 106:Core/Src/usart.c ****   }
 244              		.loc 1 106 5 view .LVU79
 245 0058 FFF7FEFF 		bl	Error_Handler
 246              	.LVL14:
 247 005c F1E7     		b	.L16
 248              	.L22:
 110:Core/Src/usart.c ****   }
 249              		.loc 1 110 5 view .LVU80
 250 005e FFF7FEFF 		bl	Error_Handler
 251              	.LVL15:
 252              		.loc 1 116 1 is_stmt 0 view .LVU81
 253 0062 F2E7     		b	.L13
 254              	.L24:
 255              		.align	2
 256              	.L23:
 257 0064 00000000 		.word	.LANCHOR1
 258 0068 00440040 		.word	1073759232
 259              		.cfi_endproc
 260              	.LFE133:
 262              		.section	.text.HAL_UART_MspInit,"ax",%progbits
 263              		.align	1
 264              		.global	HAL_UART_MspInit
 265              		.syntax unified
 266              		.thumb
 267              		.thumb_func
 269              	HAL_UART_MspInit:
 270              	.LVL16:
 271              	.LFB134:
 117:Core/Src/usart.c **** 
 118:Core/Src/usart.c **** void HAL_UART_MspInit(UART_HandleTypeDef* uartHandle)
 119:Core/Src/usart.c **** {
 272              		.loc 1 119 1 is_stmt 1 view -0
 273              		.cfi_startproc
 274              		@ args = 0, pretend = 0, frame = 120
 275              		@ frame_needed = 0, uses_anonymous_args = 0
 276              		.loc 1 119 1 is_stmt 0 view .LVU83
 277 0000 10B5     		push	{r4, lr}
ARM GAS  C:\Users\jakub\AppData\Local\Temp\cc6O19SA.s 			page 8


 278              	.LCFI2:
 279              		.cfi_def_cfa_offset 8
 280              		.cfi_offset 4, -8
 281              		.cfi_offset 14, -4
 282 0002 9EB0     		sub	sp, sp, #120
 283              	.LCFI3:
 284              		.cfi_def_cfa_offset 128
 285 0004 0446     		mov	r4, r0
 120:Core/Src/usart.c **** 
 121:Core/Src/usart.c ****   GPIO_InitTypeDef GPIO_InitStruct = {0};
 286              		.loc 1 121 3 is_stmt 1 view .LVU84
 287              		.loc 1 121 20 is_stmt 0 view .LVU85
 288 0006 0021     		movs	r1, #0
 289 0008 1991     		str	r1, [sp, #100]
 290 000a 1A91     		str	r1, [sp, #104]
 291 000c 1B91     		str	r1, [sp, #108]
 292 000e 1C91     		str	r1, [sp, #112]
 293 0010 1D91     		str	r1, [sp, #116]
 122:Core/Src/usart.c ****   RCC_PeriphCLKInitTypeDef PeriphClkInit = {0};
 294              		.loc 1 122 3 is_stmt 1 view .LVU86
 295              		.loc 1 122 28 is_stmt 0 view .LVU87
 296 0012 5022     		movs	r2, #80
 297 0014 05A8     		add	r0, sp, #20
 298              	.LVL17:
 299              		.loc 1 122 28 view .LVU88
 300 0016 FFF7FEFF 		bl	memset
 301              	.LVL18:
 123:Core/Src/usart.c ****   if(uartHandle->Instance==UART4)
 302              		.loc 1 123 3 is_stmt 1 view .LVU89
 303              		.loc 1 123 16 is_stmt 0 view .LVU90
 304 001a 2368     		ldr	r3, [r4]
 305              		.loc 1 123 5 view .LVU91
 306 001c 324A     		ldr	r2, .L35
 307 001e 9342     		cmp	r3, r2
 308 0020 04D0     		beq	.L31
 124:Core/Src/usart.c ****   {
 125:Core/Src/usart.c ****   /* USER CODE BEGIN UART4_MspInit 0 */
 126:Core/Src/usart.c **** 
 127:Core/Src/usart.c ****   /* USER CODE END UART4_MspInit 0 */
 128:Core/Src/usart.c **** 
 129:Core/Src/usart.c ****   /** Initializes the peripherals clocks
 130:Core/Src/usart.c ****   */
 131:Core/Src/usart.c ****     PeriphClkInit.PeriphClockSelection = RCC_PERIPHCLK_UART4;
 132:Core/Src/usart.c ****     PeriphClkInit.Uart4ClockSelection = RCC_UART4CLKSOURCE_PCLK1;
 133:Core/Src/usart.c ****     if (HAL_RCCEx_PeriphCLKConfig(&PeriphClkInit) != HAL_OK)
 134:Core/Src/usart.c ****     {
 135:Core/Src/usart.c ****       Error_Handler();
 136:Core/Src/usart.c ****     }
 137:Core/Src/usart.c **** 
 138:Core/Src/usart.c ****     /* UART4 clock enable */
 139:Core/Src/usart.c ****     __HAL_RCC_UART4_CLK_ENABLE();
 140:Core/Src/usart.c **** 
 141:Core/Src/usart.c ****     __HAL_RCC_GPIOC_CLK_ENABLE();
 142:Core/Src/usart.c ****     /**UART4 GPIO Configuration
 143:Core/Src/usart.c ****     PC10     ------> UART4_TX
 144:Core/Src/usart.c ****     PC11     ------> UART4_RX
 145:Core/Src/usart.c ****     */
ARM GAS  C:\Users\jakub\AppData\Local\Temp\cc6O19SA.s 			page 9


 146:Core/Src/usart.c ****     GPIO_InitStruct.Pin = TX_TMC1_Pin|RX_TMC1_Pin;
 147:Core/Src/usart.c ****     GPIO_InitStruct.Mode = GPIO_MODE_AF_PP;
 148:Core/Src/usart.c ****     GPIO_InitStruct.Pull = GPIO_NOPULL;
 149:Core/Src/usart.c ****     GPIO_InitStruct.Speed = GPIO_SPEED_FREQ_LOW;
 150:Core/Src/usart.c ****     GPIO_InitStruct.Alternate = GPIO_AF5_UART4;
 151:Core/Src/usart.c ****     HAL_GPIO_Init(GPIOC, &GPIO_InitStruct);
 152:Core/Src/usart.c **** 
 153:Core/Src/usart.c ****   /* USER CODE BEGIN UART4_MspInit 1 */
 154:Core/Src/usart.c **** 
 155:Core/Src/usart.c ****   /* USER CODE END UART4_MspInit 1 */
 156:Core/Src/usart.c ****   }
 157:Core/Src/usart.c ****   else if(uartHandle->Instance==USART2)
 309              		.loc 1 157 8 is_stmt 1 view .LVU92
 310              		.loc 1 157 10 is_stmt 0 view .LVU93
 311 0022 324A     		ldr	r2, .L35+4
 312 0024 9342     		cmp	r3, r2
 313 0026 2CD0     		beq	.L32
 314              	.LVL19:
 315              	.L25:
 158:Core/Src/usart.c ****   {
 159:Core/Src/usart.c ****   /* USER CODE BEGIN USART2_MspInit 0 */
 160:Core/Src/usart.c **** 
 161:Core/Src/usart.c ****   /* USER CODE END USART2_MspInit 0 */
 162:Core/Src/usart.c **** 
 163:Core/Src/usart.c ****   /** Initializes the peripherals clocks
 164:Core/Src/usart.c ****   */
 165:Core/Src/usart.c ****     PeriphClkInit.PeriphClockSelection = RCC_PERIPHCLK_USART2;
 166:Core/Src/usart.c ****     PeriphClkInit.Usart2ClockSelection = RCC_USART2CLKSOURCE_PCLK1;
 167:Core/Src/usart.c ****     if (HAL_RCCEx_PeriphCLKConfig(&PeriphClkInit) != HAL_OK)
 168:Core/Src/usart.c ****     {
 169:Core/Src/usart.c ****       Error_Handler();
 170:Core/Src/usart.c ****     }
 171:Core/Src/usart.c **** 
 172:Core/Src/usart.c ****     /* USART2 clock enable */
 173:Core/Src/usart.c ****     __HAL_RCC_USART2_CLK_ENABLE();
 174:Core/Src/usart.c **** 
 175:Core/Src/usart.c ****     __HAL_RCC_GPIOA_CLK_ENABLE();
 176:Core/Src/usart.c ****     /**USART2 GPIO Configuration
 177:Core/Src/usart.c ****     PA1     ------> USART2_DE
 178:Core/Src/usart.c ****     PA2     ------> USART2_TX
 179:Core/Src/usart.c ****     PA3     ------> USART2_RX
 180:Core/Src/usart.c ****     */
 181:Core/Src/usart.c ****     GPIO_InitStruct.Pin = DE_RS_Pin|TX_RS_Pin|RX_RS_Pin;
 182:Core/Src/usart.c ****     GPIO_InitStruct.Mode = GPIO_MODE_AF_PP;
 183:Core/Src/usart.c ****     GPIO_InitStruct.Pull = GPIO_NOPULL;
 184:Core/Src/usart.c ****     GPIO_InitStruct.Speed = GPIO_SPEED_FREQ_LOW;
 185:Core/Src/usart.c ****     GPIO_InitStruct.Alternate = GPIO_AF7_USART2;
 186:Core/Src/usart.c ****     HAL_GPIO_Init(GPIOA, &GPIO_InitStruct);
 187:Core/Src/usart.c **** 
 188:Core/Src/usart.c ****     /* USART2 interrupt Init */
 189:Core/Src/usart.c ****     HAL_NVIC_SetPriority(USART2_IRQn, 0, 0);
 190:Core/Src/usart.c ****     HAL_NVIC_EnableIRQ(USART2_IRQn);
 191:Core/Src/usart.c ****   /* USER CODE BEGIN USART2_MspInit 1 */
 192:Core/Src/usart.c **** 
 193:Core/Src/usart.c ****   /* USER CODE END USART2_MspInit 1 */
 194:Core/Src/usart.c ****   }
 195:Core/Src/usart.c **** }
ARM GAS  C:\Users\jakub\AppData\Local\Temp\cc6O19SA.s 			page 10


 316              		.loc 1 195 1 view .LVU94
 317 0028 1EB0     		add	sp, sp, #120
 318              	.LCFI4:
 319              		.cfi_remember_state
 320              		.cfi_def_cfa_offset 8
 321              		@ sp needed
 322 002a 10BD     		pop	{r4, pc}
 323              	.LVL20:
 324              	.L31:
 325              	.LCFI5:
 326              		.cfi_restore_state
 131:Core/Src/usart.c ****     PeriphClkInit.Uart4ClockSelection = RCC_UART4CLKSOURCE_PCLK1;
 327              		.loc 1 131 5 is_stmt 1 view .LVU95
 131:Core/Src/usart.c ****     PeriphClkInit.Uart4ClockSelection = RCC_UART4CLKSOURCE_PCLK1;
 328              		.loc 1 131 40 is_stmt 0 view .LVU96
 329 002c 0823     		movs	r3, #8
 330 002e 0593     		str	r3, [sp, #20]
 132:Core/Src/usart.c ****     if (HAL_RCCEx_PeriphCLKConfig(&PeriphClkInit) != HAL_OK)
 331              		.loc 1 132 5 is_stmt 1 view .LVU97
 133:Core/Src/usart.c ****     {
 332              		.loc 1 133 5 view .LVU98
 133:Core/Src/usart.c ****     {
 333              		.loc 1 133 9 is_stmt 0 view .LVU99
 334 0030 05A8     		add	r0, sp, #20
 335 0032 FFF7FEFF 		bl	HAL_RCCEx_PeriphCLKConfig
 336              	.LVL21:
 133:Core/Src/usart.c ****     {
 337              		.loc 1 133 8 view .LVU100
 338 0036 08BB     		cbnz	r0, .L33
 339              	.L27:
 139:Core/Src/usart.c **** 
 340              		.loc 1 139 5 is_stmt 1 view .LVU101
 341              	.LBB2:
 139:Core/Src/usart.c **** 
 342              		.loc 1 139 5 view .LVU102
 139:Core/Src/usart.c **** 
 343              		.loc 1 139 5 view .LVU103
 344 0038 2D4B     		ldr	r3, .L35+8
 345 003a 9A6D     		ldr	r2, [r3, #88]
 346 003c 42F40022 		orr	r2, r2, #524288
 347 0040 9A65     		str	r2, [r3, #88]
 139:Core/Src/usart.c **** 
 348              		.loc 1 139 5 view .LVU104
 349 0042 9A6D     		ldr	r2, [r3, #88]
 350 0044 02F40022 		and	r2, r2, #524288
 351 0048 0192     		str	r2, [sp, #4]
 139:Core/Src/usart.c **** 
 352              		.loc 1 139 5 view .LVU105
 353 004a 019A     		ldr	r2, [sp, #4]
 354              	.LBE2:
 139:Core/Src/usart.c **** 
 355              		.loc 1 139 5 view .LVU106
 141:Core/Src/usart.c ****     /**UART4 GPIO Configuration
 356              		.loc 1 141 5 view .LVU107
 357              	.LBB3:
 141:Core/Src/usart.c ****     /**UART4 GPIO Configuration
 358              		.loc 1 141 5 view .LVU108
ARM GAS  C:\Users\jakub\AppData\Local\Temp\cc6O19SA.s 			page 11


 141:Core/Src/usart.c ****     /**UART4 GPIO Configuration
 359              		.loc 1 141 5 view .LVU109
 360 004c DA6C     		ldr	r2, [r3, #76]
 361 004e 42F00402 		orr	r2, r2, #4
 362 0052 DA64     		str	r2, [r3, #76]
 141:Core/Src/usart.c ****     /**UART4 GPIO Configuration
 363              		.loc 1 141 5 view .LVU110
 364 0054 DB6C     		ldr	r3, [r3, #76]
 365 0056 03F00403 		and	r3, r3, #4
 366 005a 0293     		str	r3, [sp, #8]
 141:Core/Src/usart.c ****     /**UART4 GPIO Configuration
 367              		.loc 1 141 5 view .LVU111
 368 005c 029B     		ldr	r3, [sp, #8]
 369              	.LBE3:
 141:Core/Src/usart.c ****     /**UART4 GPIO Configuration
 370              		.loc 1 141 5 view .LVU112
 146:Core/Src/usart.c ****     GPIO_InitStruct.Mode = GPIO_MODE_AF_PP;
 371              		.loc 1 146 5 view .LVU113
 146:Core/Src/usart.c ****     GPIO_InitStruct.Mode = GPIO_MODE_AF_PP;
 372              		.loc 1 146 25 is_stmt 0 view .LVU114
 373 005e 4FF44063 		mov	r3, #3072
 374 0062 1993     		str	r3, [sp, #100]
 147:Core/Src/usart.c ****     GPIO_InitStruct.Pull = GPIO_NOPULL;
 375              		.loc 1 147 5 is_stmt 1 view .LVU115
 147:Core/Src/usart.c ****     GPIO_InitStruct.Pull = GPIO_NOPULL;
 376              		.loc 1 147 26 is_stmt 0 view .LVU116
 377 0064 0223     		movs	r3, #2
 378 0066 1A93     		str	r3, [sp, #104]
 148:Core/Src/usart.c ****     GPIO_InitStruct.Speed = GPIO_SPEED_FREQ_LOW;
 379              		.loc 1 148 5 is_stmt 1 view .LVU117
 148:Core/Src/usart.c ****     GPIO_InitStruct.Speed = GPIO_SPEED_FREQ_LOW;
 380              		.loc 1 148 26 is_stmt 0 view .LVU118
 381 0068 0023     		movs	r3, #0
 382 006a 1B93     		str	r3, [sp, #108]
 149:Core/Src/usart.c ****     GPIO_InitStruct.Alternate = GPIO_AF5_UART4;
 383              		.loc 1 149 5 is_stmt 1 view .LVU119
 149:Core/Src/usart.c ****     GPIO_InitStruct.Alternate = GPIO_AF5_UART4;
 384              		.loc 1 149 27 is_stmt 0 view .LVU120
 385 006c 1C93     		str	r3, [sp, #112]
 150:Core/Src/usart.c ****     HAL_GPIO_Init(GPIOC, &GPIO_InitStruct);
 386              		.loc 1 150 5 is_stmt 1 view .LVU121
 150:Core/Src/usart.c ****     HAL_GPIO_Init(GPIOC, &GPIO_InitStruct);
 387              		.loc 1 150 31 is_stmt 0 view .LVU122
 388 006e 0523     		movs	r3, #5
 389 0070 1D93     		str	r3, [sp, #116]
 151:Core/Src/usart.c **** 
 390              		.loc 1 151 5 is_stmt 1 view .LVU123
 391 0072 19A9     		add	r1, sp, #100
 392 0074 1F48     		ldr	r0, .L35+12
 393 0076 FFF7FEFF 		bl	HAL_GPIO_Init
 394              	.LVL22:
 395 007a D5E7     		b	.L25
 396              	.L33:
 135:Core/Src/usart.c ****     }
 397              		.loc 1 135 7 view .LVU124
 398 007c FFF7FEFF 		bl	Error_Handler
 399              	.LVL23:
ARM GAS  C:\Users\jakub\AppData\Local\Temp\cc6O19SA.s 			page 12


 400 0080 DAE7     		b	.L27
 401              	.L32:
 165:Core/Src/usart.c ****     PeriphClkInit.Usart2ClockSelection = RCC_USART2CLKSOURCE_PCLK1;
 402              		.loc 1 165 5 view .LVU125
 165:Core/Src/usart.c ****     PeriphClkInit.Usart2ClockSelection = RCC_USART2CLKSOURCE_PCLK1;
 403              		.loc 1 165 40 is_stmt 0 view .LVU126
 404 0082 0223     		movs	r3, #2
 405 0084 0593     		str	r3, [sp, #20]
 166:Core/Src/usart.c ****     if (HAL_RCCEx_PeriphCLKConfig(&PeriphClkInit) != HAL_OK)
 406              		.loc 1 166 5 is_stmt 1 view .LVU127
 167:Core/Src/usart.c ****     {
 407              		.loc 1 167 5 view .LVU128
 167:Core/Src/usart.c ****     {
 408              		.loc 1 167 9 is_stmt 0 view .LVU129
 409 0086 05A8     		add	r0, sp, #20
 410 0088 FFF7FEFF 		bl	HAL_RCCEx_PeriphCLKConfig
 411              	.LVL24:
 167:Core/Src/usart.c ****     {
 412              		.loc 1 167 8 view .LVU130
 413 008c 48BB     		cbnz	r0, .L34
 414              	.L29:
 173:Core/Src/usart.c **** 
 415              		.loc 1 173 5 is_stmt 1 view .LVU131
 416              	.LBB4:
 173:Core/Src/usart.c **** 
 417              		.loc 1 173 5 view .LVU132
 173:Core/Src/usart.c **** 
 418              		.loc 1 173 5 view .LVU133
 419 008e 184B     		ldr	r3, .L35+8
 420 0090 9A6D     		ldr	r2, [r3, #88]
 421 0092 42F40032 		orr	r2, r2, #131072
 422 0096 9A65     		str	r2, [r3, #88]
 173:Core/Src/usart.c **** 
 423              		.loc 1 173 5 view .LVU134
 424 0098 9A6D     		ldr	r2, [r3, #88]
 425 009a 02F40032 		and	r2, r2, #131072
 426 009e 0392     		str	r2, [sp, #12]
 173:Core/Src/usart.c **** 
 427              		.loc 1 173 5 view .LVU135
 428 00a0 039A     		ldr	r2, [sp, #12]
 429              	.LBE4:
 173:Core/Src/usart.c **** 
 430              		.loc 1 173 5 view .LVU136
 175:Core/Src/usart.c ****     /**USART2 GPIO Configuration
 431              		.loc 1 175 5 view .LVU137
 432              	.LBB5:
 175:Core/Src/usart.c ****     /**USART2 GPIO Configuration
 433              		.loc 1 175 5 view .LVU138
 175:Core/Src/usart.c ****     /**USART2 GPIO Configuration
 434              		.loc 1 175 5 view .LVU139
 435 00a2 DA6C     		ldr	r2, [r3, #76]
 436 00a4 42F00102 		orr	r2, r2, #1
 437 00a8 DA64     		str	r2, [r3, #76]
 175:Core/Src/usart.c ****     /**USART2 GPIO Configuration
 438              		.loc 1 175 5 view .LVU140
 439 00aa DB6C     		ldr	r3, [r3, #76]
 440 00ac 03F00103 		and	r3, r3, #1
ARM GAS  C:\Users\jakub\AppData\Local\Temp\cc6O19SA.s 			page 13


 441 00b0 0493     		str	r3, [sp, #16]
 175:Core/Src/usart.c ****     /**USART2 GPIO Configuration
 442              		.loc 1 175 5 view .LVU141
 443 00b2 049B     		ldr	r3, [sp, #16]
 444              	.LBE5:
 175:Core/Src/usart.c ****     /**USART2 GPIO Configuration
 445              		.loc 1 175 5 view .LVU142
 181:Core/Src/usart.c ****     GPIO_InitStruct.Mode = GPIO_MODE_AF_PP;
 446              		.loc 1 181 5 view .LVU143
 181:Core/Src/usart.c ****     GPIO_InitStruct.Mode = GPIO_MODE_AF_PP;
 447              		.loc 1 181 25 is_stmt 0 view .LVU144
 448 00b4 0E23     		movs	r3, #14
 449 00b6 1993     		str	r3, [sp, #100]
 182:Core/Src/usart.c ****     GPIO_InitStruct.Pull = GPIO_NOPULL;
 450              		.loc 1 182 5 is_stmt 1 view .LVU145
 182:Core/Src/usart.c ****     GPIO_InitStruct.Pull = GPIO_NOPULL;
 451              		.loc 1 182 26 is_stmt 0 view .LVU146
 452 00b8 0223     		movs	r3, #2
 453 00ba 1A93     		str	r3, [sp, #104]
 183:Core/Src/usart.c ****     GPIO_InitStruct.Speed = GPIO_SPEED_FREQ_LOW;
 454              		.loc 1 183 5 is_stmt 1 view .LVU147
 183:Core/Src/usart.c ****     GPIO_InitStruct.Speed = GPIO_SPEED_FREQ_LOW;
 455              		.loc 1 183 26 is_stmt 0 view .LVU148
 456 00bc 0024     		movs	r4, #0
 457              	.LVL25:
 183:Core/Src/usart.c ****     GPIO_InitStruct.Speed = GPIO_SPEED_FREQ_LOW;
 458              		.loc 1 183 26 view .LVU149
 459 00be 1B94     		str	r4, [sp, #108]
 184:Core/Src/usart.c ****     GPIO_InitStruct.Alternate = GPIO_AF7_USART2;
 460              		.loc 1 184 5 is_stmt 1 view .LVU150
 184:Core/Src/usart.c ****     GPIO_InitStruct.Alternate = GPIO_AF7_USART2;
 461              		.loc 1 184 27 is_stmt 0 view .LVU151
 462 00c0 1C94     		str	r4, [sp, #112]
 185:Core/Src/usart.c ****     HAL_GPIO_Init(GPIOA, &GPIO_InitStruct);
 463              		.loc 1 185 5 is_stmt 1 view .LVU152
 185:Core/Src/usart.c ****     HAL_GPIO_Init(GPIOA, &GPIO_InitStruct);
 464              		.loc 1 185 31 is_stmt 0 view .LVU153
 465 00c2 0723     		movs	r3, #7
 466 00c4 1D93     		str	r3, [sp, #116]
 186:Core/Src/usart.c **** 
 467              		.loc 1 186 5 is_stmt 1 view .LVU154
 468 00c6 19A9     		add	r1, sp, #100
 469 00c8 4FF09040 		mov	r0, #1207959552
 470 00cc FFF7FEFF 		bl	HAL_GPIO_Init
 471              	.LVL26:
 189:Core/Src/usart.c ****     HAL_NVIC_EnableIRQ(USART2_IRQn);
 472              		.loc 1 189 5 view .LVU155
 473 00d0 2246     		mov	r2, r4
 474 00d2 2146     		mov	r1, r4
 475 00d4 2620     		movs	r0, #38
 476 00d6 FFF7FEFF 		bl	HAL_NVIC_SetPriority
 477              	.LVL27:
 190:Core/Src/usart.c ****   /* USER CODE BEGIN USART2_MspInit 1 */
 478              		.loc 1 190 5 view .LVU156
 479 00da 2620     		movs	r0, #38
 480 00dc FFF7FEFF 		bl	HAL_NVIC_EnableIRQ
 481              	.LVL28:
ARM GAS  C:\Users\jakub\AppData\Local\Temp\cc6O19SA.s 			page 14


 482              		.loc 1 195 1 is_stmt 0 view .LVU157
 483 00e0 A2E7     		b	.L25
 484              	.LVL29:
 485              	.L34:
 169:Core/Src/usart.c ****     }
 486              		.loc 1 169 7 is_stmt 1 view .LVU158
 487 00e2 FFF7FEFF 		bl	Error_Handler
 488              	.LVL30:
 489 00e6 D2E7     		b	.L29
 490              	.L36:
 491              		.align	2
 492              	.L35:
 493 00e8 004C0040 		.word	1073761280
 494 00ec 00440040 		.word	1073759232
 495 00f0 00100240 		.word	1073876992
 496 00f4 00080048 		.word	1207961600
 497              		.cfi_endproc
 498              	.LFE134:
 500              		.section	.text.HAL_UART_MspDeInit,"ax",%progbits
 501              		.align	1
 502              		.global	HAL_UART_MspDeInit
 503              		.syntax unified
 504              		.thumb
 505              		.thumb_func
 507              	HAL_UART_MspDeInit:
 508              	.LVL31:
 509              	.LFB135:
 196:Core/Src/usart.c **** 
 197:Core/Src/usart.c **** void HAL_UART_MspDeInit(UART_HandleTypeDef* uartHandle)
 198:Core/Src/usart.c **** {
 510              		.loc 1 198 1 view -0
 511              		.cfi_startproc
 512              		@ args = 0, pretend = 0, frame = 0
 513              		@ frame_needed = 0, uses_anonymous_args = 0
 514              		.loc 1 198 1 is_stmt 0 view .LVU160
 515 0000 08B5     		push	{r3, lr}
 516              	.LCFI6:
 517              		.cfi_def_cfa_offset 8
 518              		.cfi_offset 3, -8
 519              		.cfi_offset 14, -4
 199:Core/Src/usart.c **** 
 200:Core/Src/usart.c ****   if(uartHandle->Instance==UART4)
 520              		.loc 1 200 3 is_stmt 1 view .LVU161
 521              		.loc 1 200 16 is_stmt 0 view .LVU162
 522 0002 0368     		ldr	r3, [r0]
 523              		.loc 1 200 5 view .LVU163
 524 0004 104A     		ldr	r2, .L43
 525 0006 9342     		cmp	r3, r2
 526 0008 03D0     		beq	.L41
 201:Core/Src/usart.c ****   {
 202:Core/Src/usart.c ****   /* USER CODE BEGIN UART4_MspDeInit 0 */
 203:Core/Src/usart.c **** 
 204:Core/Src/usart.c ****   /* USER CODE END UART4_MspDeInit 0 */
 205:Core/Src/usart.c ****     /* Peripheral clock disable */
 206:Core/Src/usart.c ****     __HAL_RCC_UART4_CLK_DISABLE();
 207:Core/Src/usart.c **** 
 208:Core/Src/usart.c ****     /**UART4 GPIO Configuration
ARM GAS  C:\Users\jakub\AppData\Local\Temp\cc6O19SA.s 			page 15


 209:Core/Src/usart.c ****     PC10     ------> UART4_TX
 210:Core/Src/usart.c ****     PC11     ------> UART4_RX
 211:Core/Src/usart.c ****     */
 212:Core/Src/usart.c ****     HAL_GPIO_DeInit(GPIOC, TX_TMC1_Pin|RX_TMC1_Pin);
 213:Core/Src/usart.c **** 
 214:Core/Src/usart.c ****   /* USER CODE BEGIN UART4_MspDeInit 1 */
 215:Core/Src/usart.c **** 
 216:Core/Src/usart.c ****   /* USER CODE END UART4_MspDeInit 1 */
 217:Core/Src/usart.c ****   }
 218:Core/Src/usart.c ****   else if(uartHandle->Instance==USART2)
 527              		.loc 1 218 8 is_stmt 1 view .LVU164
 528              		.loc 1 218 10 is_stmt 0 view .LVU165
 529 000a 104A     		ldr	r2, .L43+4
 530 000c 9342     		cmp	r3, r2
 531 000e 0CD0     		beq	.L42
 532              	.LVL32:
 533              	.L37:
 219:Core/Src/usart.c ****   {
 220:Core/Src/usart.c ****   /* USER CODE BEGIN USART2_MspDeInit 0 */
 221:Core/Src/usart.c **** 
 222:Core/Src/usart.c ****   /* USER CODE END USART2_MspDeInit 0 */
 223:Core/Src/usart.c ****     /* Peripheral clock disable */
 224:Core/Src/usart.c ****     __HAL_RCC_USART2_CLK_DISABLE();
 225:Core/Src/usart.c **** 
 226:Core/Src/usart.c ****     /**USART2 GPIO Configuration
 227:Core/Src/usart.c ****     PA1     ------> USART2_DE
 228:Core/Src/usart.c ****     PA2     ------> USART2_TX
 229:Core/Src/usart.c ****     PA3     ------> USART2_RX
 230:Core/Src/usart.c ****     */
 231:Core/Src/usart.c ****     HAL_GPIO_DeInit(GPIOA, DE_RS_Pin|TX_RS_Pin|RX_RS_Pin);
 232:Core/Src/usart.c **** 
 233:Core/Src/usart.c ****     /* USART2 interrupt Deinit */
 234:Core/Src/usart.c ****     HAL_NVIC_DisableIRQ(USART2_IRQn);
 235:Core/Src/usart.c ****   /* USER CODE BEGIN USART2_MspDeInit 1 */
 236:Core/Src/usart.c **** 
 237:Core/Src/usart.c ****   /* USER CODE END USART2_MspDeInit 1 */
 238:Core/Src/usart.c ****   }
 239:Core/Src/usart.c **** }
 534              		.loc 1 239 1 view .LVU166
 535 0010 08BD     		pop	{r3, pc}
 536              	.LVL33:
 537              	.L41:
 206:Core/Src/usart.c **** 
 538              		.loc 1 206 5 is_stmt 1 view .LVU167
 539 0012 02F5E232 		add	r2, r2, #115712
 540 0016 936D     		ldr	r3, [r2, #88]
 541 0018 23F40023 		bic	r3, r3, #524288
 542 001c 9365     		str	r3, [r2, #88]
 212:Core/Src/usart.c **** 
 543              		.loc 1 212 5 view .LVU168
 544 001e 4FF44061 		mov	r1, #3072
 545 0022 0B48     		ldr	r0, .L43+8
 546              	.LVL34:
 212:Core/Src/usart.c **** 
 547              		.loc 1 212 5 is_stmt 0 view .LVU169
 548 0024 FFF7FEFF 		bl	HAL_GPIO_DeInit
 549              	.LVL35:
ARM GAS  C:\Users\jakub\AppData\Local\Temp\cc6O19SA.s 			page 16


 550 0028 F2E7     		b	.L37
 551              	.LVL36:
 552              	.L42:
 224:Core/Src/usart.c **** 
 553              		.loc 1 224 5 is_stmt 1 view .LVU170
 554 002a 02F5E632 		add	r2, r2, #117760
 555 002e 936D     		ldr	r3, [r2, #88]
 556 0030 23F40033 		bic	r3, r3, #131072
 557 0034 9365     		str	r3, [r2, #88]
 231:Core/Src/usart.c **** 
 558              		.loc 1 231 5 view .LVU171
 559 0036 0E21     		movs	r1, #14
 560 0038 4FF09040 		mov	r0, #1207959552
 561              	.LVL37:
 231:Core/Src/usart.c **** 
 562              		.loc 1 231 5 is_stmt 0 view .LVU172
 563 003c FFF7FEFF 		bl	HAL_GPIO_DeInit
 564              	.LVL38:
 234:Core/Src/usart.c ****   /* USER CODE BEGIN USART2_MspDeInit 1 */
 565              		.loc 1 234 5 is_stmt 1 view .LVU173
 566 0040 2620     		movs	r0, #38
 567 0042 FFF7FEFF 		bl	HAL_NVIC_DisableIRQ
 568              	.LVL39:
 569              		.loc 1 239 1 is_stmt 0 view .LVU174
 570 0046 E3E7     		b	.L37
 571              	.L44:
 572              		.align	2
 573              	.L43:
 574 0048 004C0040 		.word	1073761280
 575 004c 00440040 		.word	1073759232
 576 0050 00080048 		.word	1207961600
 577              		.cfi_endproc
 578              	.LFE135:
 580              		.global	huart2
 581              		.global	huart4
 582              		.section	.bss.huart2,"aw",%nobits
 583              		.align	2
 584              		.set	.LANCHOR1,. + 0
 587              	huart2:
 588 0000 00000000 		.space	144
 588      00000000 
 588      00000000 
 588      00000000 
 588      00000000 
 589              		.section	.bss.huart4,"aw",%nobits
 590              		.align	2
 591              		.set	.LANCHOR0,. + 0
 594              	huart4:
 595 0000 00000000 		.space	144
 595      00000000 
 595      00000000 
 595      00000000 
 595      00000000 
 596              		.text
 597              	.Letext0:
 598              		.file 2 "c:\\program files (x86)\\gnu arm embedded toolchain\\10 2021.10\\arm-none-eabi\\include\\
 599              		.file 3 "c:\\program files (x86)\\gnu arm embedded toolchain\\10 2021.10\\arm-none-eabi\\include\\
ARM GAS  C:\Users\jakub\AppData\Local\Temp\cc6O19SA.s 			page 17


 600              		.file 4 "Drivers/CMSIS/Device/ST/STM32G4xx/Include/stm32g491xx.h"
 601              		.file 5 "Drivers/STM32G4xx_HAL_Driver/Inc/stm32g4xx_hal_def.h"
 602              		.file 6 "Drivers/STM32G4xx_HAL_Driver/Inc/stm32g4xx_hal_rcc_ex.h"
 603              		.file 7 "Drivers/STM32G4xx_HAL_Driver/Inc/stm32g4xx_hal_gpio.h"
 604              		.file 8 "Drivers/STM32G4xx_HAL_Driver/Inc/stm32g4xx_hal_dma.h"
 605              		.file 9 "Drivers/STM32G4xx_HAL_Driver/Inc/stm32g4xx_hal_uart.h"
 606              		.file 10 "Core/Inc/usart.h"
 607              		.file 11 "Drivers/STM32G4xx_HAL_Driver/Inc/stm32g4xx_hal_cortex.h"
 608              		.file 12 "Core/Inc/main.h"
 609              		.file 13 "Drivers/STM32G4xx_HAL_Driver/Inc/stm32g4xx_hal_uart_ex.h"
 610              		.file 14 "<built-in>"
ARM GAS  C:\Users\jakub\AppData\Local\Temp\cc6O19SA.s 			page 18


DEFINED SYMBOLS
                            *ABS*:00000000 usart.c
C:\Users\jakub\AppData\Local\Temp\cc6O19SA.s:20     .text.MX_UART4_Init:00000000 $t
C:\Users\jakub\AppData\Local\Temp\cc6O19SA.s:26     .text.MX_UART4_Init:00000000 MX_UART4_Init
C:\Users\jakub\AppData\Local\Temp\cc6O19SA.s:135    .text.MX_UART4_Init:00000060 $d
C:\Users\jakub\AppData\Local\Temp\cc6O19SA.s:141    .text.MX_USART2_UART_Init:00000000 $t
C:\Users\jakub\AppData\Local\Temp\cc6O19SA.s:147    .text.MX_USART2_UART_Init:00000000 MX_USART2_UART_Init
C:\Users\jakub\AppData\Local\Temp\cc6O19SA.s:257    .text.MX_USART2_UART_Init:00000064 $d
C:\Users\jakub\AppData\Local\Temp\cc6O19SA.s:263    .text.HAL_UART_MspInit:00000000 $t
C:\Users\jakub\AppData\Local\Temp\cc6O19SA.s:269    .text.HAL_UART_MspInit:00000000 HAL_UART_MspInit
C:\Users\jakub\AppData\Local\Temp\cc6O19SA.s:493    .text.HAL_UART_MspInit:000000e8 $d
C:\Users\jakub\AppData\Local\Temp\cc6O19SA.s:501    .text.HAL_UART_MspDeInit:00000000 $t
C:\Users\jakub\AppData\Local\Temp\cc6O19SA.s:507    .text.HAL_UART_MspDeInit:00000000 HAL_UART_MspDeInit
C:\Users\jakub\AppData\Local\Temp\cc6O19SA.s:574    .text.HAL_UART_MspDeInit:00000048 $d
C:\Users\jakub\AppData\Local\Temp\cc6O19SA.s:587    .bss.huart2:00000000 huart2
C:\Users\jakub\AppData\Local\Temp\cc6O19SA.s:594    .bss.huart4:00000000 huart4
C:\Users\jakub\AppData\Local\Temp\cc6O19SA.s:583    .bss.huart2:00000000 $d
C:\Users\jakub\AppData\Local\Temp\cc6O19SA.s:590    .bss.huart4:00000000 $d

UNDEFINED SYMBOLS
HAL_UART_Init
HAL_UARTEx_SetTxFifoThreshold
HAL_UARTEx_SetRxFifoThreshold
HAL_UARTEx_DisableFifoMode
Error_Handler
HAL_RS485Ex_Init
memset
HAL_RCCEx_PeriphCLKConfig
HAL_GPIO_Init
HAL_NVIC_SetPriority
HAL_NVIC_EnableIRQ
HAL_GPIO_DeInit
HAL_NVIC_DisableIRQ
