ARM GAS  C:\Users\jakub\AppData\Local\Temp\ccCDzL7Q.s 			page 1


   1              		.cpu cortex-m4
   2              		.arch armv7e-m
   3              		.fpu fpv4-sp-d16
   4              		.eabi_attribute 27, 1
   5              		.eabi_attribute 28, 1
   6              		.eabi_attribute 20, 1
   7              		.eabi_attribute 21, 1
   8              		.eabi_attribute 23, 3
   9              		.eabi_attribute 24, 1
  10              		.eabi_attribute 25, 1
  11              		.eabi_attribute 26, 1
  12              		.eabi_attribute 30, 1
  13              		.eabi_attribute 34, 1
  14              		.eabi_attribute 18, 4
  15              		.file	"usbd_desc.c"
  16              		.text
  17              	.Ltext0:
  18              		.cfi_sections	.debug_frame
  19              		.section	.text.USBD_CDC_DeviceDescriptor,"ax",%progbits
  20              		.align	1
  21              		.global	USBD_CDC_DeviceDescriptor
  22              		.syntax unified
  23              		.thumb
  24              		.thumb_func
  26              	USBD_CDC_DeviceDescriptor:
  27              	.LVL0:
  28              	.LFB136:
  29              		.file 1 "USB_Device/App/usbd_desc.c"
   1:USB_Device/App/usbd_desc.c **** /* USER CODE BEGIN Header */
   2:USB_Device/App/usbd_desc.c **** /**
   3:USB_Device/App/usbd_desc.c ****   ******************************************************************************
   4:USB_Device/App/usbd_desc.c ****   * @file           : App/usbd_desc.c
   5:USB_Device/App/usbd_desc.c ****   * @version        : v3.0_Cube
   6:USB_Device/App/usbd_desc.c ****   * @brief          : This file implements the USB device descriptors.
   7:USB_Device/App/usbd_desc.c ****   ******************************************************************************
   8:USB_Device/App/usbd_desc.c ****   * @attention
   9:USB_Device/App/usbd_desc.c ****   *
  10:USB_Device/App/usbd_desc.c ****   * Copyright (c) 2023 STMicroelectronics.
  11:USB_Device/App/usbd_desc.c ****   * All rights reserved.
  12:USB_Device/App/usbd_desc.c ****   *
  13:USB_Device/App/usbd_desc.c ****   * This software is licensed under terms that can be found in the LICENSE file
  14:USB_Device/App/usbd_desc.c ****   * in the root directory of this software component.
  15:USB_Device/App/usbd_desc.c ****   * If no LICENSE file comes with this software, it is provided AS-IS.
  16:USB_Device/App/usbd_desc.c ****   *
  17:USB_Device/App/usbd_desc.c ****   ******************************************************************************
  18:USB_Device/App/usbd_desc.c ****   */
  19:USB_Device/App/usbd_desc.c **** /* USER CODE END Header */
  20:USB_Device/App/usbd_desc.c **** 
  21:USB_Device/App/usbd_desc.c **** /* Includes ------------------------------------------------------------------*/
  22:USB_Device/App/usbd_desc.c **** #include "usbd_core.h"
  23:USB_Device/App/usbd_desc.c **** #include "usbd_desc.h"
  24:USB_Device/App/usbd_desc.c **** #include "usbd_conf.h"
  25:USB_Device/App/usbd_desc.c **** 
  26:USB_Device/App/usbd_desc.c **** /* USER CODE BEGIN INCLUDE */
  27:USB_Device/App/usbd_desc.c **** 
  28:USB_Device/App/usbd_desc.c **** /* USER CODE END INCLUDE */
  29:USB_Device/App/usbd_desc.c **** 
ARM GAS  C:\Users\jakub\AppData\Local\Temp\ccCDzL7Q.s 			page 2


  30:USB_Device/App/usbd_desc.c **** /* Private typedef -----------------------------------------------------------*/
  31:USB_Device/App/usbd_desc.c **** /* Private define ------------------------------------------------------------*/
  32:USB_Device/App/usbd_desc.c **** /* Private macro -------------------------------------------------------------*/
  33:USB_Device/App/usbd_desc.c **** 
  34:USB_Device/App/usbd_desc.c **** /* USER CODE BEGIN PV */
  35:USB_Device/App/usbd_desc.c **** /* Private variables ---------------------------------------------------------*/
  36:USB_Device/App/usbd_desc.c **** 
  37:USB_Device/App/usbd_desc.c **** /* USER CODE END PV */
  38:USB_Device/App/usbd_desc.c **** 
  39:USB_Device/App/usbd_desc.c **** /** @addtogroup STM32_USB_OTG_DEVICE_LIBRARY
  40:USB_Device/App/usbd_desc.c ****   * @{
  41:USB_Device/App/usbd_desc.c ****   */
  42:USB_Device/App/usbd_desc.c **** 
  43:USB_Device/App/usbd_desc.c **** /** @addtogroup USBD_DESC
  44:USB_Device/App/usbd_desc.c ****   * @{
  45:USB_Device/App/usbd_desc.c ****   */
  46:USB_Device/App/usbd_desc.c **** 
  47:USB_Device/App/usbd_desc.c **** /** @defgroup USBD_DESC_Private_TypesDefinitions USBD_DESC_Private_TypesDefinitions
  48:USB_Device/App/usbd_desc.c ****   * @brief Private types.
  49:USB_Device/App/usbd_desc.c ****   * @{
  50:USB_Device/App/usbd_desc.c ****   */
  51:USB_Device/App/usbd_desc.c **** 
  52:USB_Device/App/usbd_desc.c **** /* USER CODE BEGIN PRIVATE_TYPES */
  53:USB_Device/App/usbd_desc.c **** 
  54:USB_Device/App/usbd_desc.c **** /* USER CODE END PRIVATE_TYPES */
  55:USB_Device/App/usbd_desc.c **** 
  56:USB_Device/App/usbd_desc.c **** /**
  57:USB_Device/App/usbd_desc.c ****   * @}
  58:USB_Device/App/usbd_desc.c ****   */
  59:USB_Device/App/usbd_desc.c **** 
  60:USB_Device/App/usbd_desc.c **** /** @defgroup USBD_DESC_Private_Defines USBD_DESC_Private_Defines
  61:USB_Device/App/usbd_desc.c ****   * @brief Private defines.
  62:USB_Device/App/usbd_desc.c ****   * @{
  63:USB_Device/App/usbd_desc.c ****   */
  64:USB_Device/App/usbd_desc.c **** 
  65:USB_Device/App/usbd_desc.c **** #define USBD_VID     1155
  66:USB_Device/App/usbd_desc.c **** #define USBD_LANGID_STRING     1033
  67:USB_Device/App/usbd_desc.c **** #define USBD_MANUFACTURER_STRING     "STMicroelectronics"
  68:USB_Device/App/usbd_desc.c **** #define USBD_PID     22336
  69:USB_Device/App/usbd_desc.c **** #define USBD_PRODUCT_STRING     "STM32 Virtual ComPort"
  70:USB_Device/App/usbd_desc.c **** #define USBD_CONFIGURATION_STRING     "CDC Config"
  71:USB_Device/App/usbd_desc.c **** #define USBD_INTERFACE_STRING     "CDC Interface"
  72:USB_Device/App/usbd_desc.c **** 
  73:USB_Device/App/usbd_desc.c **** /* USER CODE BEGIN PRIVATE_DEFINES */
  74:USB_Device/App/usbd_desc.c **** 
  75:USB_Device/App/usbd_desc.c **** /* USER CODE END PRIVATE_DEFINES */
  76:USB_Device/App/usbd_desc.c **** 
  77:USB_Device/App/usbd_desc.c **** /**
  78:USB_Device/App/usbd_desc.c ****   * @}
  79:USB_Device/App/usbd_desc.c ****   */
  80:USB_Device/App/usbd_desc.c **** 
  81:USB_Device/App/usbd_desc.c **** /* USER CODE BEGIN 0 */
  82:USB_Device/App/usbd_desc.c **** 
  83:USB_Device/App/usbd_desc.c **** /* USER CODE END 0 */
  84:USB_Device/App/usbd_desc.c **** 
  85:USB_Device/App/usbd_desc.c **** /** @defgroup USBD_DESC_Private_Macros USBD_DESC_Private_Macros
  86:USB_Device/App/usbd_desc.c ****   * @brief Private macros.
ARM GAS  C:\Users\jakub\AppData\Local\Temp\ccCDzL7Q.s 			page 3


  87:USB_Device/App/usbd_desc.c ****   * @{
  88:USB_Device/App/usbd_desc.c ****   */
  89:USB_Device/App/usbd_desc.c **** 
  90:USB_Device/App/usbd_desc.c **** /* USER CODE BEGIN PRIVATE_MACRO */
  91:USB_Device/App/usbd_desc.c **** 
  92:USB_Device/App/usbd_desc.c **** /* USER CODE END PRIVATE_MACRO */
  93:USB_Device/App/usbd_desc.c **** 
  94:USB_Device/App/usbd_desc.c **** /**
  95:USB_Device/App/usbd_desc.c ****   * @}
  96:USB_Device/App/usbd_desc.c ****   */
  97:USB_Device/App/usbd_desc.c **** 
  98:USB_Device/App/usbd_desc.c **** /** @defgroup USBD_DESC_Private_FunctionPrototypes USBD_DESC_Private_FunctionPrototypes
  99:USB_Device/App/usbd_desc.c ****   * @brief Private functions declaration.
 100:USB_Device/App/usbd_desc.c ****   * @{
 101:USB_Device/App/usbd_desc.c ****   */
 102:USB_Device/App/usbd_desc.c **** 
 103:USB_Device/App/usbd_desc.c **** static void Get_SerialNum(void);
 104:USB_Device/App/usbd_desc.c **** static void IntToUnicode(uint32_t value, uint8_t * pbuf, uint8_t len);
 105:USB_Device/App/usbd_desc.c **** 
 106:USB_Device/App/usbd_desc.c **** /**
 107:USB_Device/App/usbd_desc.c ****   * @}
 108:USB_Device/App/usbd_desc.c ****   */
 109:USB_Device/App/usbd_desc.c **** 
 110:USB_Device/App/usbd_desc.c **** /** @defgroup USBD_DESC_Private_FunctionPrototypes USBD_DESC_Private_FunctionPrototypes
 111:USB_Device/App/usbd_desc.c ****   * @brief Private functions declaration.
 112:USB_Device/App/usbd_desc.c ****   * @{
 113:USB_Device/App/usbd_desc.c ****   */
 114:USB_Device/App/usbd_desc.c **** 
 115:USB_Device/App/usbd_desc.c **** uint8_t * USBD_CDC_DeviceDescriptor(USBD_SpeedTypeDef speed, uint16_t *length);
 116:USB_Device/App/usbd_desc.c **** uint8_t * USBD_CDC_LangIDStrDescriptor(USBD_SpeedTypeDef speed, uint16_t *length);
 117:USB_Device/App/usbd_desc.c **** uint8_t * USBD_CDC_ManufacturerStrDescriptor(USBD_SpeedTypeDef speed, uint16_t *length);
 118:USB_Device/App/usbd_desc.c **** uint8_t * USBD_CDC_ProductStrDescriptor(USBD_SpeedTypeDef speed, uint16_t *length);
 119:USB_Device/App/usbd_desc.c **** uint8_t * USBD_CDC_SerialStrDescriptor(USBD_SpeedTypeDef speed, uint16_t *length);
 120:USB_Device/App/usbd_desc.c **** uint8_t * USBD_CDC_ConfigStrDescriptor(USBD_SpeedTypeDef speed, uint16_t *length);
 121:USB_Device/App/usbd_desc.c **** uint8_t * USBD_CDC_InterfaceStrDescriptor(USBD_SpeedTypeDef speed, uint16_t *length);
 122:USB_Device/App/usbd_desc.c **** 
 123:USB_Device/App/usbd_desc.c **** /**
 124:USB_Device/App/usbd_desc.c ****   * @}
 125:USB_Device/App/usbd_desc.c ****   */
 126:USB_Device/App/usbd_desc.c **** 
 127:USB_Device/App/usbd_desc.c **** /** @defgroup USBD_DESC_Private_Variables USBD_DESC_Private_Variables
 128:USB_Device/App/usbd_desc.c ****   * @brief Private variables.
 129:USB_Device/App/usbd_desc.c ****   * @{
 130:USB_Device/App/usbd_desc.c ****   */
 131:USB_Device/App/usbd_desc.c **** 
 132:USB_Device/App/usbd_desc.c **** USBD_DescriptorsTypeDef CDC_Desc =
 133:USB_Device/App/usbd_desc.c **** {
 134:USB_Device/App/usbd_desc.c ****   USBD_CDC_DeviceDescriptor,
 135:USB_Device/App/usbd_desc.c ****   USBD_CDC_LangIDStrDescriptor,
 136:USB_Device/App/usbd_desc.c ****   USBD_CDC_ManufacturerStrDescriptor,
 137:USB_Device/App/usbd_desc.c ****   USBD_CDC_ProductStrDescriptor,
 138:USB_Device/App/usbd_desc.c ****   USBD_CDC_SerialStrDescriptor,
 139:USB_Device/App/usbd_desc.c ****   USBD_CDC_ConfigStrDescriptor,
 140:USB_Device/App/usbd_desc.c ****   USBD_CDC_InterfaceStrDescriptor
 141:USB_Device/App/usbd_desc.c **** };
 142:USB_Device/App/usbd_desc.c **** 
 143:USB_Device/App/usbd_desc.c **** #if defined ( __ICCARM__ ) /* IAR Compiler */
ARM GAS  C:\Users\jakub\AppData\Local\Temp\ccCDzL7Q.s 			page 4


 144:USB_Device/App/usbd_desc.c ****   #pragma data_alignment=4
 145:USB_Device/App/usbd_desc.c **** #endif /* defined ( __ICCARM__ ) */
 146:USB_Device/App/usbd_desc.c **** /** USB standard device descriptor. */
 147:USB_Device/App/usbd_desc.c **** __ALIGN_BEGIN uint8_t USBD_CDC_DeviceDesc[USB_LEN_DEV_DESC] __ALIGN_END =
 148:USB_Device/App/usbd_desc.c **** {
 149:USB_Device/App/usbd_desc.c ****   0x12,                       /*bLength */
 150:USB_Device/App/usbd_desc.c ****   USB_DESC_TYPE_DEVICE,       /*bDescriptorType*/
 151:USB_Device/App/usbd_desc.c ****   0x00,                       /*bcdUSB */
 152:USB_Device/App/usbd_desc.c ****   0x02,
 153:USB_Device/App/usbd_desc.c ****   0x02,                       /*bDeviceClass*/
 154:USB_Device/App/usbd_desc.c ****   0x02,                       /*bDeviceSubClass*/
 155:USB_Device/App/usbd_desc.c ****   0x00,                       /*bDeviceProtocol*/
 156:USB_Device/App/usbd_desc.c ****   USB_MAX_EP0_SIZE,           /*bMaxPacketSize*/
 157:USB_Device/App/usbd_desc.c ****   LOBYTE(USBD_VID),           /*idVendor*/
 158:USB_Device/App/usbd_desc.c ****   HIBYTE(USBD_VID),           /*idVendor*/
 159:USB_Device/App/usbd_desc.c ****   LOBYTE(USBD_PID),           /*idProduct*/
 160:USB_Device/App/usbd_desc.c ****   HIBYTE(USBD_PID),           /*idProduct*/
 161:USB_Device/App/usbd_desc.c ****   0x00,                       /*bcdDevice rel. 2.00*/
 162:USB_Device/App/usbd_desc.c ****   0x02,
 163:USB_Device/App/usbd_desc.c ****   USBD_IDX_MFC_STR,           /*Index of manufacturer  string*/
 164:USB_Device/App/usbd_desc.c ****   USBD_IDX_PRODUCT_STR,       /*Index of product string*/
 165:USB_Device/App/usbd_desc.c ****   USBD_IDX_SERIAL_STR,        /*Index of serial number string*/
 166:USB_Device/App/usbd_desc.c ****   USBD_MAX_NUM_CONFIGURATION  /*bNumConfigurations*/
 167:USB_Device/App/usbd_desc.c **** };
 168:USB_Device/App/usbd_desc.c **** 
 169:USB_Device/App/usbd_desc.c **** /* USB_DeviceDescriptor */
 170:USB_Device/App/usbd_desc.c **** 
 171:USB_Device/App/usbd_desc.c **** /**
 172:USB_Device/App/usbd_desc.c ****   * @}
 173:USB_Device/App/usbd_desc.c ****   */
 174:USB_Device/App/usbd_desc.c **** 
 175:USB_Device/App/usbd_desc.c **** /** @defgroup USBD_DESC_Private_Variables USBD_DESC_Private_Variables
 176:USB_Device/App/usbd_desc.c ****   * @brief Private variables.
 177:USB_Device/App/usbd_desc.c ****   * @{
 178:USB_Device/App/usbd_desc.c ****   */
 179:USB_Device/App/usbd_desc.c **** 
 180:USB_Device/App/usbd_desc.c **** #if defined ( __ICCARM__ ) /* IAR Compiler */
 181:USB_Device/App/usbd_desc.c ****   #pragma data_alignment=4
 182:USB_Device/App/usbd_desc.c **** #endif /* defined ( __ICCARM__ ) */
 183:USB_Device/App/usbd_desc.c **** 
 184:USB_Device/App/usbd_desc.c **** /** USB lang identifier descriptor. */
 185:USB_Device/App/usbd_desc.c **** __ALIGN_BEGIN uint8_t USBD_LangIDDesc[USB_LEN_LANGID_STR_DESC] __ALIGN_END =
 186:USB_Device/App/usbd_desc.c **** {
 187:USB_Device/App/usbd_desc.c ****      USB_LEN_LANGID_STR_DESC,
 188:USB_Device/App/usbd_desc.c ****      USB_DESC_TYPE_STRING,
 189:USB_Device/App/usbd_desc.c ****      LOBYTE(USBD_LANGID_STRING),
 190:USB_Device/App/usbd_desc.c ****      HIBYTE(USBD_LANGID_STRING)
 191:USB_Device/App/usbd_desc.c **** };
 192:USB_Device/App/usbd_desc.c **** 
 193:USB_Device/App/usbd_desc.c **** #if defined ( __ICCARM__ ) /* IAR Compiler */
 194:USB_Device/App/usbd_desc.c ****   #pragma data_alignment=4
 195:USB_Device/App/usbd_desc.c **** #endif /* defined ( __ICCARM__ ) */
 196:USB_Device/App/usbd_desc.c **** /* Internal string descriptor. */
 197:USB_Device/App/usbd_desc.c **** __ALIGN_BEGIN uint8_t USBD_StrDesc[USBD_MAX_STR_DESC_SIZ] __ALIGN_END;
 198:USB_Device/App/usbd_desc.c **** 
 199:USB_Device/App/usbd_desc.c **** #if defined ( __ICCARM__ ) /*!< IAR Compiler */
 200:USB_Device/App/usbd_desc.c ****   #pragma data_alignment=4
ARM GAS  C:\Users\jakub\AppData\Local\Temp\ccCDzL7Q.s 			page 5


 201:USB_Device/App/usbd_desc.c **** #endif
 202:USB_Device/App/usbd_desc.c **** __ALIGN_BEGIN uint8_t USBD_StringSerial[USB_SIZ_STRING_SERIAL] __ALIGN_END = {
 203:USB_Device/App/usbd_desc.c ****   USB_SIZ_STRING_SERIAL,
 204:USB_Device/App/usbd_desc.c ****   USB_DESC_TYPE_STRING,
 205:USB_Device/App/usbd_desc.c **** };
 206:USB_Device/App/usbd_desc.c **** 
 207:USB_Device/App/usbd_desc.c **** /**
 208:USB_Device/App/usbd_desc.c ****   * @}
 209:USB_Device/App/usbd_desc.c ****   */
 210:USB_Device/App/usbd_desc.c **** 
 211:USB_Device/App/usbd_desc.c **** /** @defgroup USBD_DESC_Private_Functions USBD_DESC_Private_Functions
 212:USB_Device/App/usbd_desc.c ****   * @brief Private functions.
 213:USB_Device/App/usbd_desc.c ****   * @{
 214:USB_Device/App/usbd_desc.c ****   */
 215:USB_Device/App/usbd_desc.c **** 
 216:USB_Device/App/usbd_desc.c **** /**
 217:USB_Device/App/usbd_desc.c ****   * @brief  Return the device descriptor
 218:USB_Device/App/usbd_desc.c ****   * @param  speed : Current device speed
 219:USB_Device/App/usbd_desc.c ****   * @param  length : Pointer to data length variable
 220:USB_Device/App/usbd_desc.c ****   * @retval Pointer to descriptor buffer
 221:USB_Device/App/usbd_desc.c ****   */
 222:USB_Device/App/usbd_desc.c **** uint8_t * USBD_CDC_DeviceDescriptor(USBD_SpeedTypeDef speed, uint16_t *length)
 223:USB_Device/App/usbd_desc.c **** {
  30              		.loc 1 223 1 view -0
  31              		.cfi_startproc
  32              		@ args = 0, pretend = 0, frame = 0
  33              		@ frame_needed = 0, uses_anonymous_args = 0
  34              		@ link register save eliminated.
 224:USB_Device/App/usbd_desc.c ****   UNUSED(speed);
  35              		.loc 1 224 3 view .LVU1
 225:USB_Device/App/usbd_desc.c ****   *length = sizeof(USBD_CDC_DeviceDesc);
  36              		.loc 1 225 3 view .LVU2
  37              		.loc 1 225 11 is_stmt 0 view .LVU3
  38 0000 1223     		movs	r3, #18
  39 0002 0B80     		strh	r3, [r1]	@ movhi
 226:USB_Device/App/usbd_desc.c ****   return USBD_CDC_DeviceDesc;
  40              		.loc 1 226 3 is_stmt 1 view .LVU4
 227:USB_Device/App/usbd_desc.c **** }
  41              		.loc 1 227 1 is_stmt 0 view .LVU5
  42 0004 0048     		ldr	r0, .L2
  43              	.LVL1:
  44              		.loc 1 227 1 view .LVU6
  45 0006 7047     		bx	lr
  46              	.L3:
  47              		.align	2
  48              	.L2:
  49 0008 00000000 		.word	.LANCHOR0
  50              		.cfi_endproc
  51              	.LFE136:
  53              		.section	.text.USBD_CDC_LangIDStrDescriptor,"ax",%progbits
  54              		.align	1
  55              		.global	USBD_CDC_LangIDStrDescriptor
  56              		.syntax unified
  57              		.thumb
  58              		.thumb_func
  60              	USBD_CDC_LangIDStrDescriptor:
  61              	.LVL2:
ARM GAS  C:\Users\jakub\AppData\Local\Temp\ccCDzL7Q.s 			page 6


  62              	.LFB137:
 228:USB_Device/App/usbd_desc.c **** 
 229:USB_Device/App/usbd_desc.c **** /**
 230:USB_Device/App/usbd_desc.c ****   * @brief  Return the LangID string descriptor
 231:USB_Device/App/usbd_desc.c ****   * @param  speed : Current device speed
 232:USB_Device/App/usbd_desc.c ****   * @param  length : Pointer to data length variable
 233:USB_Device/App/usbd_desc.c ****   * @retval Pointer to descriptor buffer
 234:USB_Device/App/usbd_desc.c ****   */
 235:USB_Device/App/usbd_desc.c **** uint8_t * USBD_CDC_LangIDStrDescriptor(USBD_SpeedTypeDef speed, uint16_t *length)
 236:USB_Device/App/usbd_desc.c **** {
  63              		.loc 1 236 1 is_stmt 1 view -0
  64              		.cfi_startproc
  65              		@ args = 0, pretend = 0, frame = 0
  66              		@ frame_needed = 0, uses_anonymous_args = 0
  67              		@ link register save eliminated.
 237:USB_Device/App/usbd_desc.c ****   UNUSED(speed);
  68              		.loc 1 237 3 view .LVU8
 238:USB_Device/App/usbd_desc.c ****   *length = sizeof(USBD_LangIDDesc);
  69              		.loc 1 238 3 view .LVU9
  70              		.loc 1 238 11 is_stmt 0 view .LVU10
  71 0000 0423     		movs	r3, #4
  72 0002 0B80     		strh	r3, [r1]	@ movhi
 239:USB_Device/App/usbd_desc.c ****   return USBD_LangIDDesc;
  73              		.loc 1 239 3 is_stmt 1 view .LVU11
 240:USB_Device/App/usbd_desc.c **** }
  74              		.loc 1 240 1 is_stmt 0 view .LVU12
  75 0004 0048     		ldr	r0, .L5
  76              	.LVL3:
  77              		.loc 1 240 1 view .LVU13
  78 0006 7047     		bx	lr
  79              	.L6:
  80              		.align	2
  81              	.L5:
  82 0008 00000000 		.word	.LANCHOR1
  83              		.cfi_endproc
  84              	.LFE137:
  86              		.section	.text.IntToUnicode,"ax",%progbits
  87              		.align	1
  88              		.syntax unified
  89              		.thumb
  90              		.thumb_func
  92              	IntToUnicode:
  93              	.LVL4:
  94              	.LFB144:
 241:USB_Device/App/usbd_desc.c **** 
 242:USB_Device/App/usbd_desc.c **** /**
 243:USB_Device/App/usbd_desc.c ****   * @brief  Return the product string descriptor
 244:USB_Device/App/usbd_desc.c ****   * @param  speed : Current device speed
 245:USB_Device/App/usbd_desc.c ****   * @param  length : Pointer to data length variable
 246:USB_Device/App/usbd_desc.c ****   * @retval Pointer to descriptor buffer
 247:USB_Device/App/usbd_desc.c ****   */
 248:USB_Device/App/usbd_desc.c **** uint8_t * USBD_CDC_ProductStrDescriptor(USBD_SpeedTypeDef speed, uint16_t *length)
 249:USB_Device/App/usbd_desc.c **** {
 250:USB_Device/App/usbd_desc.c ****   if(speed == 0)
 251:USB_Device/App/usbd_desc.c ****   {
 252:USB_Device/App/usbd_desc.c ****     USBD_GetString((uint8_t *)USBD_PRODUCT_STRING, USBD_StrDesc, length);
 253:USB_Device/App/usbd_desc.c ****   }
ARM GAS  C:\Users\jakub\AppData\Local\Temp\ccCDzL7Q.s 			page 7


 254:USB_Device/App/usbd_desc.c ****   else
 255:USB_Device/App/usbd_desc.c ****   {
 256:USB_Device/App/usbd_desc.c ****     USBD_GetString((uint8_t *)USBD_PRODUCT_STRING, USBD_StrDesc, length);
 257:USB_Device/App/usbd_desc.c ****   }
 258:USB_Device/App/usbd_desc.c ****   return USBD_StrDesc;
 259:USB_Device/App/usbd_desc.c **** }
 260:USB_Device/App/usbd_desc.c **** 
 261:USB_Device/App/usbd_desc.c **** /**
 262:USB_Device/App/usbd_desc.c ****   * @brief  Return the manufacturer string descriptor
 263:USB_Device/App/usbd_desc.c ****   * @param  speed : Current device speed
 264:USB_Device/App/usbd_desc.c ****   * @param  length : Pointer to data length variable
 265:USB_Device/App/usbd_desc.c ****   * @retval Pointer to descriptor buffer
 266:USB_Device/App/usbd_desc.c ****   */
 267:USB_Device/App/usbd_desc.c **** uint8_t * USBD_CDC_ManufacturerStrDescriptor(USBD_SpeedTypeDef speed, uint16_t *length)
 268:USB_Device/App/usbd_desc.c **** {
 269:USB_Device/App/usbd_desc.c ****   UNUSED(speed);
 270:USB_Device/App/usbd_desc.c ****   USBD_GetString((uint8_t *)USBD_MANUFACTURER_STRING, USBD_StrDesc, length);
 271:USB_Device/App/usbd_desc.c ****   return USBD_StrDesc;
 272:USB_Device/App/usbd_desc.c **** }
 273:USB_Device/App/usbd_desc.c **** 
 274:USB_Device/App/usbd_desc.c **** /**
 275:USB_Device/App/usbd_desc.c ****   * @brief  Return the serial number string descriptor
 276:USB_Device/App/usbd_desc.c ****   * @param  speed : Current device speed
 277:USB_Device/App/usbd_desc.c ****   * @param  length : Pointer to data length variable
 278:USB_Device/App/usbd_desc.c ****   * @retval Pointer to descriptor buffer
 279:USB_Device/App/usbd_desc.c ****   */
 280:USB_Device/App/usbd_desc.c **** uint8_t * USBD_CDC_SerialStrDescriptor(USBD_SpeedTypeDef speed, uint16_t *length)
 281:USB_Device/App/usbd_desc.c **** {
 282:USB_Device/App/usbd_desc.c ****   UNUSED(speed);
 283:USB_Device/App/usbd_desc.c ****   *length = USB_SIZ_STRING_SERIAL;
 284:USB_Device/App/usbd_desc.c **** 
 285:USB_Device/App/usbd_desc.c ****   /* Update the serial number string descriptor with the data from the unique
 286:USB_Device/App/usbd_desc.c ****    * ID */
 287:USB_Device/App/usbd_desc.c ****   Get_SerialNum();
 288:USB_Device/App/usbd_desc.c **** 
 289:USB_Device/App/usbd_desc.c ****   /* USER CODE BEGIN USBD_CDC_SerialStrDescriptor */
 290:USB_Device/App/usbd_desc.c **** 
 291:USB_Device/App/usbd_desc.c ****   /* USER CODE END USBD_CDC_SerialStrDescriptor */
 292:USB_Device/App/usbd_desc.c **** 
 293:USB_Device/App/usbd_desc.c ****   return (uint8_t *) USBD_StringSerial;
 294:USB_Device/App/usbd_desc.c **** }
 295:USB_Device/App/usbd_desc.c **** 
 296:USB_Device/App/usbd_desc.c **** /**
 297:USB_Device/App/usbd_desc.c ****   * @brief  Return the configuration string descriptor
 298:USB_Device/App/usbd_desc.c ****   * @param  speed : Current device speed
 299:USB_Device/App/usbd_desc.c ****   * @param  length : Pointer to data length variable
 300:USB_Device/App/usbd_desc.c ****   * @retval Pointer to descriptor buffer
 301:USB_Device/App/usbd_desc.c ****   */
 302:USB_Device/App/usbd_desc.c **** uint8_t * USBD_CDC_ConfigStrDescriptor(USBD_SpeedTypeDef speed, uint16_t *length)
 303:USB_Device/App/usbd_desc.c **** {
 304:USB_Device/App/usbd_desc.c ****   if(speed == USBD_SPEED_HIGH)
 305:USB_Device/App/usbd_desc.c ****   {
 306:USB_Device/App/usbd_desc.c ****     USBD_GetString((uint8_t *)USBD_CONFIGURATION_STRING, USBD_StrDesc, length);
 307:USB_Device/App/usbd_desc.c ****   }
 308:USB_Device/App/usbd_desc.c ****   else
 309:USB_Device/App/usbd_desc.c ****   {
 310:USB_Device/App/usbd_desc.c ****     USBD_GetString((uint8_t *)USBD_CONFIGURATION_STRING, USBD_StrDesc, length);
ARM GAS  C:\Users\jakub\AppData\Local\Temp\ccCDzL7Q.s 			page 8


 311:USB_Device/App/usbd_desc.c ****   }
 312:USB_Device/App/usbd_desc.c ****   return USBD_StrDesc;
 313:USB_Device/App/usbd_desc.c **** }
 314:USB_Device/App/usbd_desc.c **** 
 315:USB_Device/App/usbd_desc.c **** /**
 316:USB_Device/App/usbd_desc.c ****   * @brief  Return the interface string descriptor
 317:USB_Device/App/usbd_desc.c ****   * @param  speed : Current device speed
 318:USB_Device/App/usbd_desc.c ****   * @param  length : Pointer to data length variable
 319:USB_Device/App/usbd_desc.c ****   * @retval Pointer to descriptor buffer
 320:USB_Device/App/usbd_desc.c ****   */
 321:USB_Device/App/usbd_desc.c **** uint8_t * USBD_CDC_InterfaceStrDescriptor(USBD_SpeedTypeDef speed, uint16_t *length)
 322:USB_Device/App/usbd_desc.c **** {
 323:USB_Device/App/usbd_desc.c ****   if(speed == 0)
 324:USB_Device/App/usbd_desc.c ****   {
 325:USB_Device/App/usbd_desc.c ****     USBD_GetString((uint8_t *)USBD_INTERFACE_STRING, USBD_StrDesc, length);
 326:USB_Device/App/usbd_desc.c ****   }
 327:USB_Device/App/usbd_desc.c ****   else
 328:USB_Device/App/usbd_desc.c ****   {
 329:USB_Device/App/usbd_desc.c ****     USBD_GetString((uint8_t *)USBD_INTERFACE_STRING, USBD_StrDesc, length);
 330:USB_Device/App/usbd_desc.c ****   }
 331:USB_Device/App/usbd_desc.c ****   return USBD_StrDesc;
 332:USB_Device/App/usbd_desc.c **** }
 333:USB_Device/App/usbd_desc.c **** 
 334:USB_Device/App/usbd_desc.c **** /**
 335:USB_Device/App/usbd_desc.c ****   * @brief  Create the serial number string descriptor
 336:USB_Device/App/usbd_desc.c ****   * @param  None
 337:USB_Device/App/usbd_desc.c ****   * @retval None
 338:USB_Device/App/usbd_desc.c ****   */
 339:USB_Device/App/usbd_desc.c **** static void Get_SerialNum(void)
 340:USB_Device/App/usbd_desc.c **** {
 341:USB_Device/App/usbd_desc.c ****   uint32_t deviceserial0, deviceserial1, deviceserial2;
 342:USB_Device/App/usbd_desc.c **** 
 343:USB_Device/App/usbd_desc.c ****   deviceserial0 = *(uint32_t *) DEVICE_ID1;
 344:USB_Device/App/usbd_desc.c ****   deviceserial1 = *(uint32_t *) DEVICE_ID2;
 345:USB_Device/App/usbd_desc.c ****   deviceserial2 = *(uint32_t *) DEVICE_ID3;
 346:USB_Device/App/usbd_desc.c **** 
 347:USB_Device/App/usbd_desc.c ****   deviceserial0 += deviceserial2;
 348:USB_Device/App/usbd_desc.c **** 
 349:USB_Device/App/usbd_desc.c ****   if (deviceserial0 != 0)
 350:USB_Device/App/usbd_desc.c ****   {
 351:USB_Device/App/usbd_desc.c ****     IntToUnicode(deviceserial0, &USBD_StringSerial[2], 8);
 352:USB_Device/App/usbd_desc.c ****     IntToUnicode(deviceserial1, &USBD_StringSerial[18], 4);
 353:USB_Device/App/usbd_desc.c ****   }
 354:USB_Device/App/usbd_desc.c **** }
 355:USB_Device/App/usbd_desc.c **** 
 356:USB_Device/App/usbd_desc.c **** /**
 357:USB_Device/App/usbd_desc.c ****   * @brief  Convert Hex 32Bits value into char
 358:USB_Device/App/usbd_desc.c ****   * @param  value: value to convert
 359:USB_Device/App/usbd_desc.c ****   * @param  pbuf: pointer to the buffer
 360:USB_Device/App/usbd_desc.c ****   * @param  len: buffer length
 361:USB_Device/App/usbd_desc.c ****   * @retval None
 362:USB_Device/App/usbd_desc.c ****   */
 363:USB_Device/App/usbd_desc.c **** static void IntToUnicode(uint32_t value, uint8_t * pbuf, uint8_t len)
 364:USB_Device/App/usbd_desc.c **** {
  95              		.loc 1 364 1 is_stmt 1 view -0
  96              		.cfi_startproc
  97              		@ args = 0, pretend = 0, frame = 0
ARM GAS  C:\Users\jakub\AppData\Local\Temp\ccCDzL7Q.s 			page 9


  98              		@ frame_needed = 0, uses_anonymous_args = 0
 365:USB_Device/App/usbd_desc.c ****   uint8_t idx = 0;
  99              		.loc 1 365 3 view .LVU15
 366:USB_Device/App/usbd_desc.c **** 
 367:USB_Device/App/usbd_desc.c ****   for (idx = 0; idx < len; idx++)
 100              		.loc 1 367 3 view .LVU16
 101              		.loc 1 367 12 is_stmt 0 view .LVU17
 102 0000 0023     		movs	r3, #0
 103              	.LVL5:
 104              		.loc 1 367 17 is_stmt 1 view .LVU18
 105              		.loc 1 367 3 is_stmt 0 view .LVU19
 106 0002 9342     		cmp	r3, r2
 107 0004 1ED2     		bcs	.L15
 364:USB_Device/App/usbd_desc.c ****   uint8_t idx = 0;
 108              		.loc 1 364 1 view .LVU20
 109 0006 00B5     		push	{lr}
 110              	.LCFI0:
 111              		.cfi_def_cfa_offset 4
 112              		.cfi_offset 14, -4
 113 0008 10E0     		b	.L11
 114              	.L9:
 368:USB_Device/App/usbd_desc.c ****   {
 369:USB_Device/App/usbd_desc.c ****     if (((value >> 28)) < 0xA)
 370:USB_Device/App/usbd_desc.c ****     {
 371:USB_Device/App/usbd_desc.c ****       pbuf[2 * idx] = (value >> 28) + '0';
 372:USB_Device/App/usbd_desc.c ****     }
 373:USB_Device/App/usbd_desc.c ****     else
 374:USB_Device/App/usbd_desc.c ****     {
 375:USB_Device/App/usbd_desc.c ****       pbuf[2 * idx] = (value >> 28) + 'A' - 10;
 115              		.loc 1 375 7 is_stmt 1 view .LVU21
 116              		.loc 1 375 43 is_stmt 0 view .LVU22
 117 000a 0CF1370C 		add	ip, ip, #55
 118              		.loc 1 375 21 view .LVU23
 119 000e 01F813C0 		strb	ip, [r1, r3, lsl #1]
 120              	.L10:
 376:USB_Device/App/usbd_desc.c ****     }
 377:USB_Device/App/usbd_desc.c **** 
 378:USB_Device/App/usbd_desc.c ****     value = value << 4;
 121              		.loc 1 378 5 is_stmt 1 discriminator 2 view .LVU24
 122              		.loc 1 378 11 is_stmt 0 discriminator 2 view .LVU25
 123 0012 0001     		lsls	r0, r0, #4
 124              	.LVL6:
 379:USB_Device/App/usbd_desc.c **** 
 380:USB_Device/App/usbd_desc.c ****     pbuf[2 * idx + 1] = 0;
 125              		.loc 1 380 5 is_stmt 1 discriminator 2 view .LVU26
 126              		.loc 1 380 12 is_stmt 0 discriminator 2 view .LVU27
 127 0014 4FEA430C 		lsl	ip, r3, #1
 128              		.loc 1 380 9 discriminator 2 view .LVU28
 129 0018 0CF1010C 		add	ip, ip, #1
 130              		.loc 1 380 23 discriminator 2 view .LVU29
 131 001c 4FF0000E 		mov	lr, #0
 132 0020 01F80CE0 		strb	lr, [r1, ip]
 367:USB_Device/App/usbd_desc.c ****   {
 133              		.loc 1 367 28 is_stmt 1 discriminator 2 view .LVU30
 367:USB_Device/App/usbd_desc.c ****   {
 134              		.loc 1 367 31 is_stmt 0 discriminator 2 view .LVU31
 135 0024 0133     		adds	r3, r3, #1
ARM GAS  C:\Users\jakub\AppData\Local\Temp\ccCDzL7Q.s 			page 10


 136              	.LVL7:
 367:USB_Device/App/usbd_desc.c ****   {
 137              		.loc 1 367 31 discriminator 2 view .LVU32
 138 0026 DBB2     		uxtb	r3, r3
 139              	.LVL8:
 367:USB_Device/App/usbd_desc.c ****   {
 140              		.loc 1 367 17 is_stmt 1 discriminator 2 view .LVU33
 367:USB_Device/App/usbd_desc.c ****   {
 141              		.loc 1 367 3 is_stmt 0 discriminator 2 view .LVU34
 142 0028 9342     		cmp	r3, r2
 143 002a 09D2     		bcs	.L16
 144              	.L11:
 369:USB_Device/App/usbd_desc.c ****     {
 145              		.loc 1 369 5 is_stmt 1 view .LVU35
 369:USB_Device/App/usbd_desc.c ****     {
 146              		.loc 1 369 17 is_stmt 0 view .LVU36
 147 002c 4FEA107C 		lsr	ip, r0, #28
 369:USB_Device/App/usbd_desc.c ****     {
 148              		.loc 1 369 8 view .LVU37
 149 0030 B0F1204F 		cmp	r0, #-1610612736
 150 0034 E9D2     		bcs	.L9
 371:USB_Device/App/usbd_desc.c ****     }
 151              		.loc 1 371 7 is_stmt 1 view .LVU38
 371:USB_Device/App/usbd_desc.c ****     }
 152              		.loc 1 371 37 is_stmt 0 view .LVU39
 153 0036 0CF1300C 		add	ip, ip, #48
 371:USB_Device/App/usbd_desc.c ****     }
 154              		.loc 1 371 21 view .LVU40
 155 003a 01F813C0 		strb	ip, [r1, r3, lsl #1]
 156 003e E8E7     		b	.L10
 157              	.L16:
 381:USB_Device/App/usbd_desc.c ****   }
 382:USB_Device/App/usbd_desc.c **** }
 158              		.loc 1 382 1 view .LVU41
 159 0040 5DF804FB 		ldr	pc, [sp], #4
 160              	.L15:
 161              	.LCFI1:
 162              		.cfi_def_cfa_offset 0
 163              		.cfi_restore 14
 164              		.loc 1 382 1 view .LVU42
 165 0044 7047     		bx	lr
 166              		.cfi_endproc
 167              	.LFE144:
 169              		.section	.text.Get_SerialNum,"ax",%progbits
 170              		.align	1
 171              		.syntax unified
 172              		.thumb
 173              		.thumb_func
 175              	Get_SerialNum:
 176              	.LFB143:
 340:USB_Device/App/usbd_desc.c ****   uint32_t deviceserial0, deviceserial1, deviceserial2;
 177              		.loc 1 340 1 is_stmt 1 view -0
 178              		.cfi_startproc
 179              		@ args = 0, pretend = 0, frame = 0
 180              		@ frame_needed = 0, uses_anonymous_args = 0
 181 0000 38B5     		push	{r3, r4, r5, lr}
 182              	.LCFI2:
ARM GAS  C:\Users\jakub\AppData\Local\Temp\ccCDzL7Q.s 			page 11


 183              		.cfi_def_cfa_offset 16
 184              		.cfi_offset 3, -16
 185              		.cfi_offset 4, -12
 186              		.cfi_offset 5, -8
 187              		.cfi_offset 14, -4
 341:USB_Device/App/usbd_desc.c **** 
 188              		.loc 1 341 3 view .LVU44
 343:USB_Device/App/usbd_desc.c ****   deviceserial1 = *(uint32_t *) DEVICE_ID2;
 189              		.loc 1 343 3 view .LVU45
 343:USB_Device/App/usbd_desc.c ****   deviceserial1 = *(uint32_t *) DEVICE_ID2;
 190              		.loc 1 343 17 is_stmt 0 view .LVU46
 191 0002 0B4B     		ldr	r3, .L21
 192 0004 D3F89005 		ldr	r0, [r3, #1424]
 193              	.LVL9:
 344:USB_Device/App/usbd_desc.c ****   deviceserial2 = *(uint32_t *) DEVICE_ID3;
 194              		.loc 1 344 3 is_stmt 1 view .LVU47
 344:USB_Device/App/usbd_desc.c ****   deviceserial2 = *(uint32_t *) DEVICE_ID3;
 195              		.loc 1 344 17 is_stmt 0 view .LVU48
 196 0008 D3F89445 		ldr	r4, [r3, #1428]
 197              	.LVL10:
 345:USB_Device/App/usbd_desc.c **** 
 198              		.loc 1 345 3 is_stmt 1 view .LVU49
 345:USB_Device/App/usbd_desc.c **** 
 199              		.loc 1 345 17 is_stmt 0 view .LVU50
 200 000c D3F89835 		ldr	r3, [r3, #1432]
 201              	.LVL11:
 347:USB_Device/App/usbd_desc.c **** 
 202              		.loc 1 347 3 is_stmt 1 view .LVU51
 349:USB_Device/App/usbd_desc.c ****   {
 203              		.loc 1 349 3 view .LVU52
 349:USB_Device/App/usbd_desc.c ****   {
 204              		.loc 1 349 6 is_stmt 0 view .LVU53
 205 0010 C018     		adds	r0, r0, r3
 206              	.LVL12:
 349:USB_Device/App/usbd_desc.c ****   {
 207              		.loc 1 349 6 view .LVU54
 208 0012 00D1     		bne	.L20
 209              	.LVL13:
 210              	.L17:
 354:USB_Device/App/usbd_desc.c **** 
 211              		.loc 1 354 1 view .LVU55
 212 0014 38BD     		pop	{r3, r4, r5, pc}
 213              	.LVL14:
 214              	.L20:
 351:USB_Device/App/usbd_desc.c ****     IntToUnicode(deviceserial1, &USBD_StringSerial[18], 4);
 215              		.loc 1 351 5 is_stmt 1 view .LVU56
 216 0016 074D     		ldr	r5, .L21+4
 217 0018 0822     		movs	r2, #8
 218 001a A91C     		adds	r1, r5, #2
 219 001c FFF7FEFF 		bl	IntToUnicode
 220              	.LVL15:
 352:USB_Device/App/usbd_desc.c ****   }
 221              		.loc 1 352 5 view .LVU57
 222 0020 0422     		movs	r2, #4
 223 0022 05F11201 		add	r1, r5, #18
 224 0026 2046     		mov	r0, r4
 225 0028 FFF7FEFF 		bl	IntToUnicode
ARM GAS  C:\Users\jakub\AppData\Local\Temp\ccCDzL7Q.s 			page 12


 226              	.LVL16:
 354:USB_Device/App/usbd_desc.c **** 
 227              		.loc 1 354 1 is_stmt 0 view .LVU58
 228 002c F2E7     		b	.L17
 229              	.L22:
 230 002e 00BF     		.align	2
 231              	.L21:
 232 0030 0070FF1F 		.word	536834048
 233 0034 00000000 		.word	.LANCHOR2
 234              		.cfi_endproc
 235              	.LFE143:
 237              		.section	.text.USBD_CDC_SerialStrDescriptor,"ax",%progbits
 238              		.align	1
 239              		.global	USBD_CDC_SerialStrDescriptor
 240              		.syntax unified
 241              		.thumb
 242              		.thumb_func
 244              	USBD_CDC_SerialStrDescriptor:
 245              	.LVL17:
 246              	.LFB140:
 281:USB_Device/App/usbd_desc.c ****   UNUSED(speed);
 247              		.loc 1 281 1 is_stmt 1 view -0
 248              		.cfi_startproc
 249              		@ args = 0, pretend = 0, frame = 0
 250              		@ frame_needed = 0, uses_anonymous_args = 0
 281:USB_Device/App/usbd_desc.c ****   UNUSED(speed);
 251              		.loc 1 281 1 is_stmt 0 view .LVU60
 252 0000 08B5     		push	{r3, lr}
 253              	.LCFI3:
 254              		.cfi_def_cfa_offset 8
 255              		.cfi_offset 3, -8
 256              		.cfi_offset 14, -4
 282:USB_Device/App/usbd_desc.c ****   *length = USB_SIZ_STRING_SERIAL;
 257              		.loc 1 282 3 is_stmt 1 view .LVU61
 283:USB_Device/App/usbd_desc.c **** 
 258              		.loc 1 283 3 view .LVU62
 283:USB_Device/App/usbd_desc.c **** 
 259              		.loc 1 283 11 is_stmt 0 view .LVU63
 260 0002 1A23     		movs	r3, #26
 261 0004 0B80     		strh	r3, [r1]	@ movhi
 287:USB_Device/App/usbd_desc.c **** 
 262              		.loc 1 287 3 is_stmt 1 view .LVU64
 263 0006 FFF7FEFF 		bl	Get_SerialNum
 264              	.LVL18:
 293:USB_Device/App/usbd_desc.c **** }
 265              		.loc 1 293 3 view .LVU65
 294:USB_Device/App/usbd_desc.c **** 
 266              		.loc 1 294 1 is_stmt 0 view .LVU66
 267 000a 0148     		ldr	r0, .L25
 268 000c 08BD     		pop	{r3, pc}
 269              	.L26:
 270 000e 00BF     		.align	2
 271              	.L25:
 272 0010 00000000 		.word	.LANCHOR2
 273              		.cfi_endproc
 274              	.LFE140:
 276              		.section	.rodata.USBD_CDC_ProductStrDescriptor.str1.4,"aMS",%progbits,1
ARM GAS  C:\Users\jakub\AppData\Local\Temp\ccCDzL7Q.s 			page 13


 277              		.align	2
 278              	.LC0:
 279 0000 53544D33 		.ascii	"STM32 Virtual ComPort\000"
 279      32205669 
 279      72747561 
 279      6C20436F 
 279      6D506F72 
 280              		.section	.text.USBD_CDC_ProductStrDescriptor,"ax",%progbits
 281              		.align	1
 282              		.global	USBD_CDC_ProductStrDescriptor
 283              		.syntax unified
 284              		.thumb
 285              		.thumb_func
 287              	USBD_CDC_ProductStrDescriptor:
 288              	.LVL19:
 289              	.LFB138:
 249:USB_Device/App/usbd_desc.c ****   if(speed == 0)
 290              		.loc 1 249 1 is_stmt 1 view -0
 291              		.cfi_startproc
 292              		@ args = 0, pretend = 0, frame = 0
 293              		@ frame_needed = 0, uses_anonymous_args = 0
 249:USB_Device/App/usbd_desc.c ****   if(speed == 0)
 294              		.loc 1 249 1 is_stmt 0 view .LVU68
 295 0000 08B5     		push	{r3, lr}
 296              	.LCFI4:
 297              		.cfi_def_cfa_offset 8
 298              		.cfi_offset 3, -8
 299              		.cfi_offset 14, -4
 300 0002 0A46     		mov	r2, r1
 250:USB_Device/App/usbd_desc.c ****   {
 301              		.loc 1 250 3 is_stmt 1 view .LVU69
 250:USB_Device/App/usbd_desc.c ****   {
 302              		.loc 1 250 5 is_stmt 0 view .LVU70
 303 0004 28B9     		cbnz	r0, .L28
 252:USB_Device/App/usbd_desc.c ****   }
 304              		.loc 1 252 5 is_stmt 1 view .LVU71
 305 0006 0549     		ldr	r1, .L31
 306              	.LVL20:
 252:USB_Device/App/usbd_desc.c ****   }
 307              		.loc 1 252 5 is_stmt 0 view .LVU72
 308 0008 0548     		ldr	r0, .L31+4
 309              	.LVL21:
 252:USB_Device/App/usbd_desc.c ****   }
 310              		.loc 1 252 5 view .LVU73
 311 000a FFF7FEFF 		bl	USBD_GetString
 312              	.LVL22:
 313              	.L29:
 258:USB_Device/App/usbd_desc.c **** }
 314              		.loc 1 258 3 is_stmt 1 view .LVU74
 259:USB_Device/App/usbd_desc.c **** 
 315              		.loc 1 259 1 is_stmt 0 view .LVU75
 316 000e 0348     		ldr	r0, .L31
 317 0010 08BD     		pop	{r3, pc}
 318              	.LVL23:
 319              	.L28:
 256:USB_Device/App/usbd_desc.c ****   }
 320              		.loc 1 256 5 is_stmt 1 view .LVU76
ARM GAS  C:\Users\jakub\AppData\Local\Temp\ccCDzL7Q.s 			page 14


 321 0012 0249     		ldr	r1, .L31
 322              	.LVL24:
 256:USB_Device/App/usbd_desc.c ****   }
 323              		.loc 1 256 5 is_stmt 0 view .LVU77
 324 0014 0248     		ldr	r0, .L31+4
 325              	.LVL25:
 256:USB_Device/App/usbd_desc.c ****   }
 326              		.loc 1 256 5 view .LVU78
 327 0016 FFF7FEFF 		bl	USBD_GetString
 328              	.LVL26:
 256:USB_Device/App/usbd_desc.c ****   }
 329              		.loc 1 256 5 view .LVU79
 330 001a F8E7     		b	.L29
 331              	.L32:
 332              		.align	2
 333              	.L31:
 334 001c 00000000 		.word	.LANCHOR3
 335 0020 00000000 		.word	.LC0
 336              		.cfi_endproc
 337              	.LFE138:
 339              		.section	.rodata.USBD_CDC_ManufacturerStrDescriptor.str1.4,"aMS",%progbits,1
 340              		.align	2
 341              	.LC1:
 342 0000 53544D69 		.ascii	"STMicroelectronics\000"
 342      63726F65 
 342      6C656374 
 342      726F6E69 
 342      637300
 343              		.section	.text.USBD_CDC_ManufacturerStrDescriptor,"ax",%progbits
 344              		.align	1
 345              		.global	USBD_CDC_ManufacturerStrDescriptor
 346              		.syntax unified
 347              		.thumb
 348              		.thumb_func
 350              	USBD_CDC_ManufacturerStrDescriptor:
 351              	.LVL27:
 352              	.LFB139:
 268:USB_Device/App/usbd_desc.c ****   UNUSED(speed);
 353              		.loc 1 268 1 is_stmt 1 view -0
 354              		.cfi_startproc
 355              		@ args = 0, pretend = 0, frame = 0
 356              		@ frame_needed = 0, uses_anonymous_args = 0
 268:USB_Device/App/usbd_desc.c ****   UNUSED(speed);
 357              		.loc 1 268 1 is_stmt 0 view .LVU81
 358 0000 10B5     		push	{r4, lr}
 359              	.LCFI5:
 360              		.cfi_def_cfa_offset 8
 361              		.cfi_offset 4, -8
 362              		.cfi_offset 14, -4
 363 0002 0A46     		mov	r2, r1
 269:USB_Device/App/usbd_desc.c ****   USBD_GetString((uint8_t *)USBD_MANUFACTURER_STRING, USBD_StrDesc, length);
 364              		.loc 1 269 3 is_stmt 1 view .LVU82
 270:USB_Device/App/usbd_desc.c ****   return USBD_StrDesc;
 365              		.loc 1 270 3 view .LVU83
 366 0004 034C     		ldr	r4, .L35
 367 0006 2146     		mov	r1, r4
 368              	.LVL28:
ARM GAS  C:\Users\jakub\AppData\Local\Temp\ccCDzL7Q.s 			page 15


 270:USB_Device/App/usbd_desc.c ****   return USBD_StrDesc;
 369              		.loc 1 270 3 is_stmt 0 view .LVU84
 370 0008 0348     		ldr	r0, .L35+4
 371              	.LVL29:
 270:USB_Device/App/usbd_desc.c ****   return USBD_StrDesc;
 372              		.loc 1 270 3 view .LVU85
 373 000a FFF7FEFF 		bl	USBD_GetString
 374              	.LVL30:
 271:USB_Device/App/usbd_desc.c **** }
 375              		.loc 1 271 3 is_stmt 1 view .LVU86
 272:USB_Device/App/usbd_desc.c **** 
 376              		.loc 1 272 1 is_stmt 0 view .LVU87
 377 000e 2046     		mov	r0, r4
 378 0010 10BD     		pop	{r4, pc}
 379              	.L36:
 380 0012 00BF     		.align	2
 381              	.L35:
 382 0014 00000000 		.word	.LANCHOR3
 383 0018 00000000 		.word	.LC1
 384              		.cfi_endproc
 385              	.LFE139:
 387              		.section	.rodata.USBD_CDC_ConfigStrDescriptor.str1.4,"aMS",%progbits,1
 388              		.align	2
 389              	.LC2:
 390 0000 43444320 		.ascii	"CDC Config\000"
 390      436F6E66 
 390      696700
 391              		.section	.text.USBD_CDC_ConfigStrDescriptor,"ax",%progbits
 392              		.align	1
 393              		.global	USBD_CDC_ConfigStrDescriptor
 394              		.syntax unified
 395              		.thumb
 396              		.thumb_func
 398              	USBD_CDC_ConfigStrDescriptor:
 399              	.LVL31:
 400              	.LFB141:
 303:USB_Device/App/usbd_desc.c ****   if(speed == USBD_SPEED_HIGH)
 401              		.loc 1 303 1 is_stmt 1 view -0
 402              		.cfi_startproc
 403              		@ args = 0, pretend = 0, frame = 0
 404              		@ frame_needed = 0, uses_anonymous_args = 0
 303:USB_Device/App/usbd_desc.c ****   if(speed == USBD_SPEED_HIGH)
 405              		.loc 1 303 1 is_stmt 0 view .LVU89
 406 0000 08B5     		push	{r3, lr}
 407              	.LCFI6:
 408              		.cfi_def_cfa_offset 8
 409              		.cfi_offset 3, -8
 410              		.cfi_offset 14, -4
 411 0002 0A46     		mov	r2, r1
 304:USB_Device/App/usbd_desc.c ****   {
 412              		.loc 1 304 3 is_stmt 1 view .LVU90
 304:USB_Device/App/usbd_desc.c ****   {
 413              		.loc 1 304 5 is_stmt 0 view .LVU91
 414 0004 28B9     		cbnz	r0, .L38
 306:USB_Device/App/usbd_desc.c ****   }
 415              		.loc 1 306 5 is_stmt 1 view .LVU92
 416 0006 0549     		ldr	r1, .L41
ARM GAS  C:\Users\jakub\AppData\Local\Temp\ccCDzL7Q.s 			page 16


 417              	.LVL32:
 306:USB_Device/App/usbd_desc.c ****   }
 418              		.loc 1 306 5 is_stmt 0 view .LVU93
 419 0008 0548     		ldr	r0, .L41+4
 420              	.LVL33:
 306:USB_Device/App/usbd_desc.c ****   }
 421              		.loc 1 306 5 view .LVU94
 422 000a FFF7FEFF 		bl	USBD_GetString
 423              	.LVL34:
 424              	.L39:
 312:USB_Device/App/usbd_desc.c **** }
 425              		.loc 1 312 3 is_stmt 1 view .LVU95
 313:USB_Device/App/usbd_desc.c **** 
 426              		.loc 1 313 1 is_stmt 0 view .LVU96
 427 000e 0348     		ldr	r0, .L41
 428 0010 08BD     		pop	{r3, pc}
 429              	.LVL35:
 430              	.L38:
 310:USB_Device/App/usbd_desc.c ****   }
 431              		.loc 1 310 5 is_stmt 1 view .LVU97
 432 0012 0249     		ldr	r1, .L41
 433              	.LVL36:
 310:USB_Device/App/usbd_desc.c ****   }
 434              		.loc 1 310 5 is_stmt 0 view .LVU98
 435 0014 0248     		ldr	r0, .L41+4
 436              	.LVL37:
 310:USB_Device/App/usbd_desc.c ****   }
 437              		.loc 1 310 5 view .LVU99
 438 0016 FFF7FEFF 		bl	USBD_GetString
 439              	.LVL38:
 310:USB_Device/App/usbd_desc.c ****   }
 440              		.loc 1 310 5 view .LVU100
 441 001a F8E7     		b	.L39
 442              	.L42:
 443              		.align	2
 444              	.L41:
 445 001c 00000000 		.word	.LANCHOR3
 446 0020 00000000 		.word	.LC2
 447              		.cfi_endproc
 448              	.LFE141:
 450              		.section	.rodata.USBD_CDC_InterfaceStrDescriptor.str1.4,"aMS",%progbits,1
 451              		.align	2
 452              	.LC3:
 453 0000 43444320 		.ascii	"CDC Interface\000"
 453      496E7465 
 453      72666163 
 453      6500
 454              		.section	.text.USBD_CDC_InterfaceStrDescriptor,"ax",%progbits
 455              		.align	1
 456              		.global	USBD_CDC_InterfaceStrDescriptor
 457              		.syntax unified
 458              		.thumb
 459              		.thumb_func
 461              	USBD_CDC_InterfaceStrDescriptor:
 462              	.LVL39:
 463              	.LFB142:
 322:USB_Device/App/usbd_desc.c ****   if(speed == 0)
ARM GAS  C:\Users\jakub\AppData\Local\Temp\ccCDzL7Q.s 			page 17


 464              		.loc 1 322 1 is_stmt 1 view -0
 465              		.cfi_startproc
 466              		@ args = 0, pretend = 0, frame = 0
 467              		@ frame_needed = 0, uses_anonymous_args = 0
 322:USB_Device/App/usbd_desc.c ****   if(speed == 0)
 468              		.loc 1 322 1 is_stmt 0 view .LVU102
 469 0000 08B5     		push	{r3, lr}
 470              	.LCFI7:
 471              		.cfi_def_cfa_offset 8
 472              		.cfi_offset 3, -8
 473              		.cfi_offset 14, -4
 474 0002 0A46     		mov	r2, r1
 323:USB_Device/App/usbd_desc.c ****   {
 475              		.loc 1 323 3 is_stmt 1 view .LVU103
 323:USB_Device/App/usbd_desc.c ****   {
 476              		.loc 1 323 5 is_stmt 0 view .LVU104
 477 0004 28B9     		cbnz	r0, .L44
 325:USB_Device/App/usbd_desc.c ****   }
 478              		.loc 1 325 5 is_stmt 1 view .LVU105
 479 0006 0549     		ldr	r1, .L47
 480              	.LVL40:
 325:USB_Device/App/usbd_desc.c ****   }
 481              		.loc 1 325 5 is_stmt 0 view .LVU106
 482 0008 0548     		ldr	r0, .L47+4
 483              	.LVL41:
 325:USB_Device/App/usbd_desc.c ****   }
 484              		.loc 1 325 5 view .LVU107
 485 000a FFF7FEFF 		bl	USBD_GetString
 486              	.LVL42:
 487              	.L45:
 331:USB_Device/App/usbd_desc.c **** }
 488              		.loc 1 331 3 is_stmt 1 view .LVU108
 332:USB_Device/App/usbd_desc.c **** 
 489              		.loc 1 332 1 is_stmt 0 view .LVU109
 490 000e 0348     		ldr	r0, .L47
 491 0010 08BD     		pop	{r3, pc}
 492              	.LVL43:
 493              	.L44:
 329:USB_Device/App/usbd_desc.c ****   }
 494              		.loc 1 329 5 is_stmt 1 view .LVU110
 495 0012 0249     		ldr	r1, .L47
 496              	.LVL44:
 329:USB_Device/App/usbd_desc.c ****   }
 497              		.loc 1 329 5 is_stmt 0 view .LVU111
 498 0014 0248     		ldr	r0, .L47+4
 499              	.LVL45:
 329:USB_Device/App/usbd_desc.c ****   }
 500              		.loc 1 329 5 view .LVU112
 501 0016 FFF7FEFF 		bl	USBD_GetString
 502              	.LVL46:
 329:USB_Device/App/usbd_desc.c ****   }
 503              		.loc 1 329 5 view .LVU113
 504 001a F8E7     		b	.L45
 505              	.L48:
 506              		.align	2
 507              	.L47:
 508 001c 00000000 		.word	.LANCHOR3
ARM GAS  C:\Users\jakub\AppData\Local\Temp\ccCDzL7Q.s 			page 18


 509 0020 00000000 		.word	.LC3
 510              		.cfi_endproc
 511              	.LFE142:
 513              		.global	USBD_StringSerial
 514              		.global	USBD_StrDesc
 515              		.global	USBD_LangIDDesc
 516              		.global	USBD_CDC_DeviceDesc
 517              		.global	CDC_Desc
 518              		.section	.bss.USBD_StrDesc,"aw",%nobits
 519              		.align	2
 520              		.set	.LANCHOR3,. + 0
 523              	USBD_StrDesc:
 524 0000 00000000 		.space	512
 524      00000000 
 524      00000000 
 524      00000000 
 524      00000000 
 525              		.section	.data.CDC_Desc,"aw"
 526              		.align	2
 529              	CDC_Desc:
 530 0000 00000000 		.word	USBD_CDC_DeviceDescriptor
 531 0004 00000000 		.word	USBD_CDC_LangIDStrDescriptor
 532 0008 00000000 		.word	USBD_CDC_ManufacturerStrDescriptor
 533 000c 00000000 		.word	USBD_CDC_ProductStrDescriptor
 534 0010 00000000 		.word	USBD_CDC_SerialStrDescriptor
 535 0014 00000000 		.word	USBD_CDC_ConfigStrDescriptor
 536 0018 00000000 		.word	USBD_CDC_InterfaceStrDescriptor
 537 001c 00000000 		.space	4
 538              		.section	.data.USBD_CDC_DeviceDesc,"aw"
 539              		.align	2
 540              		.set	.LANCHOR0,. + 0
 543              	USBD_CDC_DeviceDesc:
 544 0000 12010002 		.ascii	"\022\001\000\002\002\002\000@\203\004@W\000\002\001"
 544      02020040 
 544      83044057 
 544      000201
 545 000f 020301   		.ascii	"\002\003\001"
 546              		.section	.data.USBD_LangIDDesc,"aw"
 547              		.align	2
 548              		.set	.LANCHOR1,. + 0
 551              	USBD_LangIDDesc:
 552 0000 04030904 		.ascii	"\004\003\011\004"
 553              		.section	.data.USBD_StringSerial,"aw"
 554              		.align	2
 555              		.set	.LANCHOR2,. + 0
 558              	USBD_StringSerial:
 559 0000 1A0300   		.ascii	"\032\003\000"
 560 0003 00000000 		.space	23
 560      00000000 
 560      00000000 
 560      00000000 
 560      00000000 
 561              		.text
 562              	.Letext0:
 563              		.file 2 "c:\\program files (x86)\\gnu arm embedded toolchain\\10 2021.10\\arm-none-eabi\\include\\
 564              		.file 3 "c:\\program files (x86)\\gnu arm embedded toolchain\\10 2021.10\\arm-none-eabi\\include\\
 565              		.file 4 "Middlewares/ST/STM32_USB_Device_Library/Core/Inc/usbd_def.h"
ARM GAS  C:\Users\jakub\AppData\Local\Temp\ccCDzL7Q.s 			page 19


 566              		.file 5 "USB_Device/App/usbd_desc.h"
 567              		.file 6 "Middlewares/ST/STM32_USB_Device_Library/Core/Inc/usbd_ctlreq.h"
ARM GAS  C:\Users\jakub\AppData\Local\Temp\ccCDzL7Q.s 			page 20


DEFINED SYMBOLS
                            *ABS*:00000000 usbd_desc.c
C:\Users\jakub\AppData\Local\Temp\ccCDzL7Q.s:20     .text.USBD_CDC_DeviceDescriptor:00000000 $t
C:\Users\jakub\AppData\Local\Temp\ccCDzL7Q.s:26     .text.USBD_CDC_DeviceDescriptor:00000000 USBD_CDC_DeviceDescriptor
C:\Users\jakub\AppData\Local\Temp\ccCDzL7Q.s:49     .text.USBD_CDC_DeviceDescriptor:00000008 $d
C:\Users\jakub\AppData\Local\Temp\ccCDzL7Q.s:54     .text.USBD_CDC_LangIDStrDescriptor:00000000 $t
C:\Users\jakub\AppData\Local\Temp\ccCDzL7Q.s:60     .text.USBD_CDC_LangIDStrDescriptor:00000000 USBD_CDC_LangIDStrDescriptor
C:\Users\jakub\AppData\Local\Temp\ccCDzL7Q.s:82     .text.USBD_CDC_LangIDStrDescriptor:00000008 $d
C:\Users\jakub\AppData\Local\Temp\ccCDzL7Q.s:87     .text.IntToUnicode:00000000 $t
C:\Users\jakub\AppData\Local\Temp\ccCDzL7Q.s:92     .text.IntToUnicode:00000000 IntToUnicode
C:\Users\jakub\AppData\Local\Temp\ccCDzL7Q.s:170    .text.Get_SerialNum:00000000 $t
C:\Users\jakub\AppData\Local\Temp\ccCDzL7Q.s:175    .text.Get_SerialNum:00000000 Get_SerialNum
C:\Users\jakub\AppData\Local\Temp\ccCDzL7Q.s:232    .text.Get_SerialNum:00000030 $d
C:\Users\jakub\AppData\Local\Temp\ccCDzL7Q.s:238    .text.USBD_CDC_SerialStrDescriptor:00000000 $t
C:\Users\jakub\AppData\Local\Temp\ccCDzL7Q.s:244    .text.USBD_CDC_SerialStrDescriptor:00000000 USBD_CDC_SerialStrDescriptor
C:\Users\jakub\AppData\Local\Temp\ccCDzL7Q.s:272    .text.USBD_CDC_SerialStrDescriptor:00000010 $d
C:\Users\jakub\AppData\Local\Temp\ccCDzL7Q.s:277    .rodata.USBD_CDC_ProductStrDescriptor.str1.4:00000000 $d
C:\Users\jakub\AppData\Local\Temp\ccCDzL7Q.s:281    .text.USBD_CDC_ProductStrDescriptor:00000000 $t
C:\Users\jakub\AppData\Local\Temp\ccCDzL7Q.s:287    .text.USBD_CDC_ProductStrDescriptor:00000000 USBD_CDC_ProductStrDescriptor
C:\Users\jakub\AppData\Local\Temp\ccCDzL7Q.s:334    .text.USBD_CDC_ProductStrDescriptor:0000001c $d
C:\Users\jakub\AppData\Local\Temp\ccCDzL7Q.s:340    .rodata.USBD_CDC_ManufacturerStrDescriptor.str1.4:00000000 $d
C:\Users\jakub\AppData\Local\Temp\ccCDzL7Q.s:344    .text.USBD_CDC_ManufacturerStrDescriptor:00000000 $t
C:\Users\jakub\AppData\Local\Temp\ccCDzL7Q.s:350    .text.USBD_CDC_ManufacturerStrDescriptor:00000000 USBD_CDC_ManufacturerStrDescriptor
C:\Users\jakub\AppData\Local\Temp\ccCDzL7Q.s:382    .text.USBD_CDC_ManufacturerStrDescriptor:00000014 $d
C:\Users\jakub\AppData\Local\Temp\ccCDzL7Q.s:388    .rodata.USBD_CDC_ConfigStrDescriptor.str1.4:00000000 $d
C:\Users\jakub\AppData\Local\Temp\ccCDzL7Q.s:392    .text.USBD_CDC_ConfigStrDescriptor:00000000 $t
C:\Users\jakub\AppData\Local\Temp\ccCDzL7Q.s:398    .text.USBD_CDC_ConfigStrDescriptor:00000000 USBD_CDC_ConfigStrDescriptor
C:\Users\jakub\AppData\Local\Temp\ccCDzL7Q.s:445    .text.USBD_CDC_ConfigStrDescriptor:0000001c $d
C:\Users\jakub\AppData\Local\Temp\ccCDzL7Q.s:451    .rodata.USBD_CDC_InterfaceStrDescriptor.str1.4:00000000 $d
C:\Users\jakub\AppData\Local\Temp\ccCDzL7Q.s:455    .text.USBD_CDC_InterfaceStrDescriptor:00000000 $t
C:\Users\jakub\AppData\Local\Temp\ccCDzL7Q.s:461    .text.USBD_CDC_InterfaceStrDescriptor:00000000 USBD_CDC_InterfaceStrDescriptor
C:\Users\jakub\AppData\Local\Temp\ccCDzL7Q.s:508    .text.USBD_CDC_InterfaceStrDescriptor:0000001c $d
C:\Users\jakub\AppData\Local\Temp\ccCDzL7Q.s:558    .data.USBD_StringSerial:00000000 USBD_StringSerial
C:\Users\jakub\AppData\Local\Temp\ccCDzL7Q.s:523    .bss.USBD_StrDesc:00000000 USBD_StrDesc
C:\Users\jakub\AppData\Local\Temp\ccCDzL7Q.s:551    .data.USBD_LangIDDesc:00000000 USBD_LangIDDesc
C:\Users\jakub\AppData\Local\Temp\ccCDzL7Q.s:543    .data.USBD_CDC_DeviceDesc:00000000 USBD_CDC_DeviceDesc
C:\Users\jakub\AppData\Local\Temp\ccCDzL7Q.s:529    .data.CDC_Desc:00000000 CDC_Desc
C:\Users\jakub\AppData\Local\Temp\ccCDzL7Q.s:519    .bss.USBD_StrDesc:00000000 $d
C:\Users\jakub\AppData\Local\Temp\ccCDzL7Q.s:526    .data.CDC_Desc:00000000 $d
C:\Users\jakub\AppData\Local\Temp\ccCDzL7Q.s:539    .data.USBD_CDC_DeviceDesc:00000000 $d
C:\Users\jakub\AppData\Local\Temp\ccCDzL7Q.s:547    .data.USBD_LangIDDesc:00000000 $d
C:\Users\jakub\AppData\Local\Temp\ccCDzL7Q.s:554    .data.USBD_StringSerial:00000000 $d

UNDEFINED SYMBOLS
USBD_GetString
